2026-04-06 14:55:43,703 [INFO] ======================================================================
2026-04-06 14:55:43,703 [INFO] Loading datasets
2026-04-06 14:55:43,703 [INFO] ======================================================================
2026-04-06 14:56:06,030 [INFO]   ISPY2: 988 patients
2026-04-06 14:56:06,716 [INFO]   BrighTNess: 482 patients
2026-04-06 14:56:06,716 [INFO] Loaded 40 datasets, 5598 total patients
2026-04-06 14:56:06,831 [INFO] Common L1000 genes: 954
2026-04-06 14:56:07,203 [INFO]   GSE104645: z-scored ((126, 954))
2026-04-06 14:56:07,248 [INFO]   GSE104958: z-scored ((46, 954))
2026-04-06 14:56:07,293 [INFO]   GSE109211: z-scored ((140, 954))
2026-04-06 14:56:07,294 [INFO]   GSE131978: z-scored ((37, 954))
2026-04-06 14:56:07,295 [INFO]   GSE14615: z-scored ((20, 954))
2026-04-06 14:56:07,296 [INFO]   GSE14671: z-scored ((59, 954))
2026-04-06 14:56:07,358 [INFO]   GSE173263: z-scored ((39, 954))
2026-04-06 14:56:07,360 [INFO]   GSE19293: z-scored ((52, 954))
2026-04-06 14:56:07,361 [INFO]   GSE20181: z-scored ((154, 954))
2026-04-06 14:56:07,363 [INFO]   GSE20194: z-scored ((278, 954))
2026-04-06 14:56:07,365 [INFO]   GSE20271: z-scored ((178, 954))
2026-04-06 14:56:07,366 [INFO]   GSE21974: z-scored ((57, 954))
2026-04-06 14:56:07,367 [INFO]   GSE22093: z-scored ((97, 954))
2026-04-06 14:56:07,367 [INFO]   GSE23988: z-scored ((61, 954))
2026-04-06 14:56:07,371 [INFO]   GSE25066: z-scored ((488, 954))
2026-04-06 14:56:07,372 [INFO]   GSE28702: z-scored ((83, 954))
2026-04-06 14:56:07,373 [INFO]   GSE32646: z-scored ((115, 954))
2026-04-06 14:56:07,374 [INFO]   GSE35640: z-scored ((56, 954))
2026-04-06 14:56:07,374 [INFO]   GSE37946: z-scored ((50, 954))
2026-04-06 14:56:07,376 [INFO]   GSE41998: z-scored ((206, 954))
2026-04-06 14:56:07,418 [INFO]   GSE44272: z-scored ((53, 954))
2026-04-06 14:56:07,462 [INFO]   GSE4779: z-scored ((102, 954))
2026-04-06 14:56:07,464 [INFO]   GSE48905: z-scored ((39, 954))
2026-04-06 14:56:07,465 [INFO]   GSE50948: z-scored ((156, 954))
2026-04-06 14:56:07,465 [INFO]   GSE5122: z-scored ((57, 954))
2026-04-06 14:56:07,557 [INFO]   GSE61676: z-scored ((86, 954))
2026-04-06 14:56:07,616 [INFO]   GSE62321: z-scored ((57, 954))
2026-04-06 14:56:07,619 [INFO]   GSE63885: z-scored ((68, 954))
2026-04-06 14:56:07,664 [INFO]   GSE65021: z-scored ((40, 954))
2026-04-06 14:56:07,665 [INFO]   GSE66999: z-scored ((76, 954))
2026-04-06 14:56:07,729 [INFO]   GSE6861: z-scored ((161, 954))
2026-04-06 14:56:07,731 [INFO]   GSE68871: z-scored ((118, 954))
2026-04-06 14:56:07,732 [INFO]   GSE72970: z-scored ((124, 954))
2026-04-06 14:56:07,733 [INFO]   GSE73578: z-scored ((63, 954))
2026-04-06 14:56:07,778 [INFO]   GSE76360: z-scored ((96, 954))
2026-04-06 14:56:07,823 [INFO]   GSE82172: z-scored ((152, 954))
2026-04-06 14:56:07,825 [INFO]   GSE8970: z-scored ((26, 954))
2026-04-06 14:56:07,917 [INFO]   GSE9782: z-scored ((312, 954))
2026-04-06 14:56:07,927 [INFO]   ISPY2: z-scored ((988, 954))
2026-04-06 14:56:07,972 [INFO]   BrighTNess: z-scored ((482, 954))
2026-04-06 14:56:07,972 [INFO] ======================================================================
2026-04-06 14:56:07,972 [INFO] BATCH-MODE ComBat LODO (expression-only, re-estimated per fold)
2026-04-06 14:56:07,972 [INFO] ======================================================================
2026-04-06 14:56:29,113 [INFO]   batch_combat/BrighTNess: AUC=0.5521 (n=482, pos=236, 21s)
2026-04-06 14:56:51,195 [INFO]   batch_combat/GSE104645: AUC=0.3890 (n=126, pos=112, 22s)
2026-04-06 14:57:13,625 [INFO]   batch_combat/GSE104958: AUC=0.7083 (n=46, pos=12, 22s)
2026-04-06 14:57:36,050 [INFO]   batch_combat/GSE109211: AUC=0.4402 (n=140, pos=42, 22s)
2026-04-06 14:57:59,000 [INFO]   batch_combat/GSE131978: AUC=0.3684 (n=37, pos=18, 23s)
2026-04-06 14:58:19,052 [INFO]   batch_combat/GSE14615: AUC=0.3214 (n=20, pos=6, 20s)
2026-04-06 14:58:38,831 [INFO]   batch_combat/GSE14671: AUC=0.5095 (n=59, pos=41, 20s)
2026-04-06 14:58:58,583 [INFO]   batch_combat/GSE173263: AUC=0.6621 (n=39, pos=29, 20s)
2026-04-06 14:59:18,463 [INFO]   batch_combat/GSE19293: AUC=0.4241 (n=52, pos=24, 20s)
2026-04-06 14:59:37,995 [INFO]   batch_combat/GSE20181: AUC=0.3601 (n=154, pos=110, 20s)
2026-04-06 14:59:57,801 [INFO]   batch_combat/GSE20194: AUC=0.9356 (n=278, pos=56, 20s)
2026-04-06 15:00:17,307 [INFO]   batch_combat/GSE20271: AUC=0.7452 (n=178, pos=26, 20s)
2026-04-06 15:00:36,599 [INFO]   batch_combat/GSE21974: AUC=0.6083 (n=57, pos=18, 19s)
2026-04-06 15:00:56,188 [INFO]   batch_combat/GSE22093: AUC=0.7107 (n=97, pos=28, 20s)
2026-04-06 15:01:15,722 [INFO]   batch_combat/GSE23988: AUC=0.9793 (n=61, pos=20, 20s)
2026-04-06 15:01:34,790 [INFO]   batch_combat/GSE25066: AUC=0.8902 (n=488, pos=99, 19s)
2026-04-06 15:01:54,020 [INFO]   batch_combat/GSE28702: AUC=0.5981 (n=83, pos=42, 19s)
2026-04-06 15:02:13,255 [INFO]   batch_combat/GSE32646: AUC=0.7210 (n=115, pos=27, 19s)
2026-04-06 15:02:32,515 [INFO]   batch_combat/GSE35640: AUC=0.5455 (n=56, pos=22, 19s)
2026-04-06 15:02:52,139 [INFO]   batch_combat/GSE37946: AUC=0.5862 (n=50, pos=27, 20s)
2026-04-06 15:03:11,800 [INFO]   batch_combat/GSE41998: AUC=0.5502 (n=206, pos=201, 20s)
2026-04-06 15:03:31,241 [INFO]   batch_combat/GSE44272: AUC=0.4825 (n=53, pos=35, 19s)
2026-04-06 15:03:50,518 [INFO]   batch_combat/GSE4779: AUC=0.9992 (n=102, pos=39, 19s)
2026-04-06 15:04:10,066 [INFO]   batch_combat/GSE48905: AUC=0.5528 (n=39, pos=15, 20s)
2026-04-06 15:04:29,406 [INFO]   batch_combat/GSE50948: AUC=0.5001 (n=156, pos=53, 19s)
2026-04-06 15:04:50,464 [INFO]   batch_combat/GSE5122: AUC=0.8538 (n=57, pos=4, 21s)
2026-04-06 15:05:22,487 [INFO]   batch_combat/GSE61676: AUC=0.5000 (n=86, pos=46, 32s)
2026-04-06 15:05:51,805 [INFO]   batch_combat/GSE62321: AUC=0.4404 (n=57, pos=26, 29s)
2026-04-06 15:06:20,465 [INFO]   batch_combat/GSE63885: AUC=0.3436 (n=68, pos=65, 29s)
2026-04-06 15:06:53,093 [INFO]   batch_combat/GSE65021: AUC=0.5376 (n=40, pos=31, 33s)
2026-04-06 15:07:21,166 [INFO]   batch_combat/GSE66999: AUC=0.4500 (n=76, pos=70, 28s)
2026-04-06 15:07:45,990 [INFO]   batch_combat/GSE6861: AUC=0.8762 (n=161, pos=66, 25s)
2026-04-06 15:08:13,690 [INFO]   batch_combat/GSE68871: AUC=0.5484 (n=118, pos=97, 28s)
2026-04-06 15:08:45,188 [INFO]   batch_combat/GSE72970: AUC=0.5438 (n=124, pos=63, 31s)
2026-04-06 15:09:31,368 [INFO]   batch_combat/GSE73578: AUC=0.2924 (n=63, pos=40, 46s)
2026-04-06 15:10:05,752 [INFO]   batch_combat/GSE76360: AUC=0.5449 (n=96, pos=66, 34s)
2026-04-06 15:10:39,041 [INFO]   batch_combat/GSE82172: AUC=0.4097 (n=152, pos=21, 33s)
2026-04-06 15:11:12,428 [INFO]   batch_combat/GSE8970: AUC=0.5444 (n=26, pos=13, 33s)
2026-04-06 15:11:42,962 [INFO]   batch_combat/GSE9782: AUC=0.5210 (n=312, pos=180, 31s)
2026-04-06 15:12:12,645 [INFO]   batch_combat/ISPY2: AUC=0.5069 (n=988, pos=319, 30s)
2026-04-06 15:12:12,647 [INFO] 
============================================================
2026-04-06 15:12:12,647 [INFO] BATCH-MODE ComBat LODO RESULTS
2026-04-06 15:12:12,647 [INFO] ============================================================
2026-04-06 15:12:12,647 [INFO]   Mean AUC:   0.5763 ± 0.1825
2026-04-06 15:12:12,647 [INFO]   Median AUC: 0.5447
2026-04-06 15:12:12,647 [INFO]   N folds:    40
2026-04-06 15:12:12,647 [INFO]   Time:       965s
2026-04-06 15:12:12,647 [INFO] 
2026-04-06 15:12:12,647 [INFO]   Compare to:
2026-04-06 15:12:12,647 [INFO]     Leaked ComBat (global, labels as covariate): 0.666
2026-04-06 15:12:12,647 [INFO]     Quantile (single-patient, leakage-free):     0.603
2026-04-06 15:12:12,647 [INFO]     None (per-dataset z-score):                  0.588
2026-04-06 15:12:12,648 [INFO] 
Done. Results in /Users/marinaesteban-medina/Desktop/INVEREX/inverex-mvp/results/batch_mode/
