2026-04-06 13:10:34,994 [INFO] ======================================================================
2026-04-06 13:10:34,994 [INFO] STEP 1: Loading all datasets
2026-04-06 13:10:34,994 [INFO] ======================================================================
2026-04-06 13:11:00,516 [INFO]   ISPY2: 988 patients
2026-04-06 13:11:01,469 [INFO]   BrighTNess: 482 patients
2026-04-06 13:11:01,469 [INFO] Loaded 40 datasets, 5598 total patients
2026-04-06 13:11:01,469 [INFO] ======================================================================
2026-04-06 13:11:01,469 [INFO] STEP 2: Restricting to L1000 landmark genes
2026-04-06 13:11:01,469 [INFO] ======================================================================
2026-04-06 13:11:01,575 [INFO] L1000 genes present in >= 24/40 datasets: 954
2026-04-06 13:11:01,906 [INFO] Gene matrix: 954 features per patient
2026-04-06 13:11:01,906 [INFO] ======================================================================
2026-04-06 13:11:01,906 [INFO] STEP 3: Z-score normalization per dataset
2026-04-06 13:11:01,906 [INFO] ======================================================================
2026-04-06 13:11:01,907 [INFO]   GSE104645: z-scored ((126, 954))
2026-04-06 13:11:01,945 [INFO]   GSE104958: z-scored ((46, 954))
2026-04-06 13:11:01,985 [INFO]   GSE109211: z-scored ((140, 954))
2026-04-06 13:11:01,985 [INFO]   GSE131978: z-scored ((37, 954))
2026-04-06 13:11:01,986 [INFO]   GSE14615: z-scored ((20, 954))
2026-04-06 13:11:01,986 [INFO]   GSE14671: z-scored ((59, 954))
2026-04-06 13:11:02,043 [INFO]   GSE173263: z-scored ((39, 954))
2026-04-06 13:11:02,043 [INFO]   GSE19293: z-scored ((52, 954))
2026-04-06 13:11:02,045 [INFO]   GSE20181: z-scored ((154, 954))
2026-04-06 13:11:02,046 [INFO]   GSE20194: z-scored ((278, 954))
2026-04-06 13:11:02,047 [INFO]   GSE20271: z-scored ((178, 954))
2026-04-06 13:11:02,048 [INFO]   GSE21974: z-scored ((57, 954))
2026-04-06 13:11:02,048 [INFO]   GSE22093: z-scored ((97, 954))
2026-04-06 13:11:02,049 [INFO]   GSE23988: z-scored ((61, 954))
2026-04-06 13:11:02,051 [INFO]   GSE25066: z-scored ((488, 954))
2026-04-06 13:11:02,052 [INFO]   GSE28702: z-scored ((83, 954))
2026-04-06 13:11:02,053 [INFO]   GSE32646: z-scored ((115, 954))
2026-04-06 13:11:02,053 [INFO]   GSE35640: z-scored ((56, 954))
2026-04-06 13:11:02,054 [INFO]   GSE37946: z-scored ((50, 954))
2026-04-06 13:11:02,055 [INFO]   GSE41998: z-scored ((206, 954))
2026-04-06 13:11:02,094 [INFO]   GSE44272: z-scored ((53, 954))
2026-04-06 13:11:02,134 [INFO]   GSE4779: z-scored ((102, 954))
2026-04-06 13:11:02,134 [INFO]   GSE48905: z-scored ((39, 954))
2026-04-06 13:11:02,135 [INFO]   GSE50948: z-scored ((156, 954))
2026-04-06 13:11:02,136 [INFO]   GSE5122: z-scored ((57, 954))
2026-04-06 13:11:02,215 [INFO]   GSE61676: z-scored ((86, 954))
2026-04-06 13:11:02,270 [INFO]   GSE62321: z-scored ((57, 954))
2026-04-06 13:11:02,271 [INFO]   GSE63885: z-scored ((68, 954))
2026-04-06 13:11:02,310 [INFO]   GSE65021: z-scored ((40, 954))
2026-04-06 13:11:02,311 [INFO]   GSE66999: z-scored ((76, 954))
2026-04-06 13:11:02,368 [INFO]   GSE6861: z-scored ((161, 954))
2026-04-06 13:11:02,369 [INFO]   GSE68871: z-scored ((118, 954))
2026-04-06 13:11:02,370 [INFO]   GSE72970: z-scored ((124, 954))
2026-04-06 13:11:02,370 [INFO]   GSE73578: z-scored ((63, 954))
2026-04-06 13:11:02,410 [INFO]   GSE76360: z-scored ((96, 954))
2026-04-06 13:11:02,449 [INFO]   GSE82172: z-scored ((152, 954))
2026-04-06 13:11:02,450 [INFO]   GSE8970: z-scored ((26, 954))
2026-04-06 13:11:02,530 [INFO]   GSE9782: z-scored ((312, 954))
2026-04-06 13:11:02,538 [INFO]   ISPY2: z-scored ((988, 954))
2026-04-06 13:11:02,580 [INFO]   BrighTNess: z-scored ((482, 954))
2026-04-06 13:11:02,580 [INFO] ======================================================================
2026-04-06 13:11:02,580 [INFO] STEP 4: Leakage-free LODO evaluation
2026-04-06 13:11:02,580 [INFO] ======================================================================
2026-04-06 13:11:02,596 [INFO] Computing leaked ComBat baseline (ALL data)...
2026-04-06 13:11:03,862 [INFO]   Leaked ComBat done in 1.3s
2026-04-06 13:11:03,862 [INFO]   Computing ssGSEA on leaked ComBat data...
2026-04-06 13:11:18,578 [INFO]   ssGSEA done: 47 pathways
2026-04-06 13:11:18,586 [INFO] 
============================================================
2026-04-06 13:11:18,586 [INFO] LODO with correction: leaked_combat
2026-04-06 13:11:18,586 [INFO] ============================================================
2026-04-06 13:11:21,246 [INFO]   leaked_combat/BrighTNess: AUC=0.5826 (n=482, pos=236, feat=1001)
2026-04-06 13:11:23,902 [INFO]   leaked_combat/GSE104645: AUC=0.5293 (n=126, pos=112, feat=1001)
2026-04-06 13:11:26,532 [INFO]   leaked_combat/GSE104958: AUC=0.6225 (n=46, pos=12, feat=1001)
2026-04-06 13:11:29,122 [INFO]   leaked_combat/GSE109211: AUC=1.0000 (n=140, pos=42, feat=1001)
2026-04-06 13:11:31,737 [INFO]   leaked_combat/GSE131978: AUC=0.5088 (n=37, pos=18, feat=1001)
2026-04-06 13:11:34,356 [INFO]   leaked_combat/GSE14615: AUC=0.4048 (n=20, pos=6, feat=1001)
2026-04-06 13:11:37,016 [INFO]   leaked_combat/GSE14671: AUC=0.4566 (n=59, pos=41, feat=1001)
2026-04-06 13:11:39,626 [INFO]   leaked_combat/GSE173263: AUC=0.4828 (n=39, pos=29, feat=1001)
2026-04-06 13:11:42,263 [INFO]   leaked_combat/GSE19293: AUC=0.4464 (n=52, pos=24, feat=1001)
2026-04-06 13:11:44,856 [INFO]   leaked_combat/GSE20181: AUC=0.3979 (n=154, pos=110, feat=1001)
2026-04-06 13:11:47,512 [INFO]   leaked_combat/GSE20194: AUC=0.9161 (n=278, pos=56, feat=1001)
2026-04-06 13:11:50,074 [INFO]   leaked_combat/GSE20271: AUC=0.7649 (n=178, pos=26, feat=1001)
2026-04-06 13:11:52,711 [INFO]   leaked_combat/GSE21974: AUC=0.5598 (n=57, pos=18, feat=1001)
2026-04-06 13:11:55,297 [INFO]   leaked_combat/GSE22093: AUC=0.6946 (n=97, pos=28, feat=1001)
2026-04-06 13:11:57,914 [INFO]   leaked_combat/GSE23988: AUC=0.9805 (n=61, pos=20, feat=1001)
2026-04-06 13:12:00,572 [INFO]   leaked_combat/GSE25066: AUC=0.8775 (n=488, pos=99, feat=1001)
2026-04-06 13:12:03,206 [INFO]   leaked_combat/GSE28702: AUC=0.6092 (n=83, pos=42, feat=1001)
2026-04-06 13:12:05,831 [INFO]   leaked_combat/GSE32646: AUC=0.7908 (n=115, pos=27, feat=1001)
2026-04-06 13:12:08,498 [INFO]   leaked_combat/GSE35640: AUC=0.6364 (n=56, pos=22, feat=1001)
2026-04-06 13:12:11,124 [INFO]   leaked_combat/GSE37946: AUC=0.6973 (n=50, pos=27, feat=1001)
2026-04-06 13:12:13,732 [INFO]   leaked_combat/GSE41998: AUC=0.6697 (n=206, pos=201, feat=1001)
2026-04-06 13:12:16,347 [INFO]   leaked_combat/GSE44272: AUC=1.0000 (n=53, pos=35, feat=1001)
2026-04-06 13:12:18,959 [INFO]   leaked_combat/GSE4779: AUC=1.0000 (n=102, pos=39, feat=1001)
2026-04-06 13:12:21,569 [INFO]   leaked_combat/GSE48905: AUC=0.4611 (n=39, pos=15, feat=1001)
2026-04-06 13:12:24,162 [INFO]   leaked_combat/GSE50948: AUC=0.5285 (n=156, pos=53, feat=1001)
2026-04-06 13:12:26,803 [INFO]   leaked_combat/GSE5122: AUC=0.7689 (n=57, pos=4, feat=1001)
2026-04-06 13:12:29,417 [INFO]   leaked_combat/GSE61676: AUC=1.0000 (n=86, pos=46, feat=1001)
2026-04-06 13:12:32,002 [INFO]   leaked_combat/GSE62321: AUC=0.0757 (n=57, pos=26, feat=1001)
2026-04-06 13:12:34,607 [INFO]   leaked_combat/GSE63885: AUC=0.3846 (n=68, pos=65, feat=1001)
2026-04-06 13:12:37,246 [INFO]   leaked_combat/GSE65021: AUC=1.0000 (n=40, pos=31, feat=1001)
2026-04-06 13:12:39,855 [INFO]   leaked_combat/GSE66999: AUC=0.3262 (n=76, pos=70, feat=1001)
2026-04-06 13:12:42,461 [INFO]   leaked_combat/GSE6861: AUC=1.0000 (n=161, pos=66, feat=1001)
2026-04-06 13:12:45,074 [INFO]   leaked_combat/GSE68871: AUC=0.5660 (n=118, pos=97, feat=1001)
2026-04-06 13:12:47,666 [INFO]   leaked_combat/GSE72970: AUC=0.5798 (n=124, pos=63, feat=1001)
2026-04-06 13:12:50,270 [INFO]   leaked_combat/GSE73578: AUC=0.3935 (n=63, pos=40, feat=1001)
2026-04-06 13:12:52,857 [INFO]   leaked_combat/GSE76360: AUC=1.0000 (n=96, pos=66, feat=1001)
2026-04-06 13:12:55,439 [INFO]   leaked_combat/GSE82172: AUC=1.0000 (n=152, pos=21, feat=1001)
2026-04-06 13:12:58,077 [INFO]   leaked_combat/GSE8970: AUC=0.4142 (n=26, pos=13, feat=1001)
2026-04-06 13:13:00,639 [INFO]   leaked_combat/GSE9782: AUC=1.0000 (n=312, pos=180, feat=1001)
2026-04-06 13:13:03,133 [INFO]   leaked_combat/ISPY2: AUC=0.5117 (n=988, pos=319, feat=1001)
2026-04-06 13:13:03,133 [INFO]   → leaked_combat: Mean AUC = 0.6660 (105s)
2026-04-06 13:13:03,135 [INFO] 
============================================================
2026-04-06 13:13:03,135 [INFO] LODO with correction: none
2026-04-06 13:13:03,135 [INFO] ============================================================
2026-04-06 13:13:20,791 [INFO]   none/BrighTNess: AUC=0.5921 (n=482, pos=236, feat=1001)
2026-04-06 13:13:38,464 [INFO]   none/GSE104645: AUC=0.4732 (n=126, pos=112, feat=1001)
2026-04-06 13:13:56,184 [INFO]   none/GSE104958: AUC=0.6985 (n=46, pos=12, feat=1001)
2026-04-06 13:14:13,870 [INFO]   none/GSE109211: AUC=0.5233 (n=140, pos=42, feat=1001)
2026-04-06 13:14:31,609 [INFO]   none/GSE131978: AUC=0.4971 (n=37, pos=18, feat=1001)
2026-04-06 13:14:49,369 [INFO]   none/GSE14615: AUC=0.3571 (n=20, pos=6, feat=1001)
2026-04-06 13:15:07,114 [INFO]   none/GSE14671: AUC=0.5637 (n=59, pos=41, feat=1001)
2026-04-06 13:15:24,866 [INFO]   none/GSE173263: AUC=0.6172 (n=39, pos=29, feat=1001)
2026-04-06 13:15:42,602 [INFO]   none/GSE19293: AUC=0.4568 (n=52, pos=24, feat=1001)
2026-04-06 13:16:00,372 [INFO]   none/GSE20181: AUC=0.4145 (n=154, pos=110, feat=1001)
2026-04-06 13:16:18,098 [INFO]   none/GSE20194: AUC=0.9113 (n=278, pos=56, feat=1001)
2026-04-06 13:16:35,717 [INFO]   none/GSE20271: AUC=0.7255 (n=178, pos=26, feat=1001)
2026-04-06 13:16:53,425 [INFO]   none/GSE21974: AUC=0.6624 (n=57, pos=18, feat=1001)
2026-04-06 13:17:11,154 [INFO]   none/GSE22093: AUC=0.6817 (n=97, pos=28, feat=1001)
2026-04-06 13:17:28,915 [INFO]   none/GSE23988: AUC=0.9756 (n=61, pos=20, feat=1001)
2026-04-06 13:17:46,627 [INFO]   none/GSE25066: AUC=0.8937 (n=488, pos=99, feat=1001)
2026-04-06 13:18:04,394 [INFO]   none/GSE28702: AUC=0.5987 (n=83, pos=42, feat=1001)
2026-04-06 13:18:22,160 [INFO]   none/GSE32646: AUC=0.6675 (n=115, pos=27, feat=1001)
2026-04-06 13:18:39,910 [INFO]   none/GSE35640: AUC=0.5241 (n=56, pos=22, feat=1001)
2026-04-06 13:18:57,642 [INFO]   none/GSE37946: AUC=0.6554 (n=50, pos=27, feat=1001)
2026-04-06 13:19:15,369 [INFO]   none/GSE41998: AUC=0.5950 (n=206, pos=201, feat=1001)
2026-04-06 13:19:33,145 [INFO]   none/GSE44272: AUC=0.5571 (n=53, pos=35, feat=1001)
2026-04-06 13:19:50,859 [INFO]   none/GSE4779: AUC=0.9967 (n=102, pos=39, feat=1001)
2026-04-06 13:20:08,543 [INFO]   none/GSE48905: AUC=0.5000 (n=39, pos=15, feat=1001)
2026-04-06 13:20:26,207 [INFO]   none/GSE50948: AUC=0.4428 (n=156, pos=53, feat=1001)
2026-04-06 13:20:43,862 [INFO]   none/GSE5122: AUC=0.7453 (n=57, pos=4, feat=1001)
2026-04-06 13:21:01,618 [INFO]   none/GSE61676: AUC=0.5000 (n=86, pos=46, feat=1001)
2026-04-06 13:21:19,476 [INFO]   none/GSE62321: AUC=0.4467 (n=57, pos=26, feat=1001)
2026-04-06 13:21:37,306 [INFO]   none/GSE63885: AUC=0.2308 (n=68, pos=65, feat=1001)
2026-04-06 13:21:55,107 [INFO]   none/GSE65021: AUC=0.6344 (n=40, pos=31, feat=1001)
2026-04-06 13:22:13,102 [INFO]   none/GSE66999: AUC=0.5000 (n=76, pos=70, feat=1001)
2026-04-06 13:22:30,873 [INFO]   none/GSE6861: AUC=0.8812 (n=161, pos=66, feat=1001)
2026-04-06 13:22:48,590 [INFO]   none/GSE68871: AUC=0.6254 (n=118, pos=97, feat=1001)
2026-04-06 13:23:06,390 [INFO]   none/GSE72970: AUC=0.5870 (n=124, pos=63, feat=1001)
2026-04-06 13:23:24,118 [INFO]   none/GSE73578: AUC=0.2967 (n=63, pos=40, feat=1001)
2026-04-06 13:23:41,826 [INFO]   none/GSE76360: AUC=0.5106 (n=96, pos=66, feat=1001)
2026-04-06 13:23:59,601 [INFO]   none/GSE82172: AUC=0.4813 (n=152, pos=21, feat=1001)
2026-04-06 13:24:17,432 [INFO]   none/GSE8970: AUC=0.5207 (n=26, pos=13, feat=1001)
2026-04-06 13:24:35,217 [INFO]   none/GSE9782: AUC=0.4505 (n=312, pos=180, feat=1001)
2026-04-06 13:24:52,832 [INFO]   none/ISPY2: AUC=0.5281 (n=988, pos=319, feat=1001)
2026-04-06 13:24:52,833 [INFO]   → none: Mean AUC = 0.5880 (710s)
2026-04-06 13:24:52,836 [INFO] 
============================================================
2026-04-06 13:24:52,836 [INFO] LODO with correction: reference_anchored
2026-04-06 13:24:52,836 [INFO] ============================================================
2026-04-06 13:25:10,625 [INFO]   reference_anchored/BrighTNess: AUC=0.6040 (n=482, pos=236, feat=1001)
2026-04-06 13:25:28,534 [INFO]   reference_anchored/GSE104645: AUC=0.4356 (n=126, pos=112, feat=1001)
2026-04-06 13:25:46,505 [INFO]   reference_anchored/GSE104958: AUC=0.6716 (n=46, pos=12, feat=1001)
2026-04-06 13:26:04,356 [INFO]   reference_anchored/GSE109211: AUC=0.4896 (n=140, pos=42, feat=1001)
2026-04-06 13:26:22,157 [INFO]   reference_anchored/GSE131978: AUC=0.4591 (n=37, pos=18, feat=1001)
2026-04-06 13:26:40,082 [INFO]   reference_anchored/GSE14615: AUC=0.4167 (n=20, pos=6, feat=1001)
2026-04-06 13:26:58,085 [INFO]   reference_anchored/GSE14671: AUC=0.4593 (n=59, pos=41, feat=1001)
2026-04-06 13:27:16,049 [INFO]   reference_anchored/GSE173263: AUC=0.6517 (n=39, pos=29, feat=1001)
2026-04-06 13:27:34,000 [INFO]   reference_anchored/GSE19293: AUC=0.5134 (n=52, pos=24, feat=1001)
2026-04-06 13:27:51,932 [INFO]   reference_anchored/GSE20181: AUC=0.3814 (n=154, pos=110, feat=1001)
2026-04-06 13:28:09,839 [INFO]   reference_anchored/GSE20194: AUC=0.9108 (n=278, pos=56, feat=1001)
2026-04-06 13:28:27,733 [INFO]   reference_anchored/GSE20271: AUC=0.7475 (n=178, pos=26, feat=1001)
2026-04-06 13:28:45,653 [INFO]   reference_anchored/GSE21974: AUC=0.5712 (n=57, pos=18, feat=1001)
2026-04-06 13:29:03,606 [INFO]   reference_anchored/GSE22093: AUC=0.7314 (n=97, pos=28, feat=1001)
2026-04-06 13:29:21,555 [INFO]   reference_anchored/GSE23988: AUC=0.9817 (n=61, pos=20, feat=1001)
2026-04-06 13:29:39,444 [INFO]   reference_anchored/GSE25066: AUC=0.8640 (n=488, pos=99, feat=1001)
2026-04-06 13:29:57,391 [INFO]   reference_anchored/GSE28702: AUC=0.4826 (n=83, pos=42, feat=1001)
2026-04-06 13:30:15,309 [INFO]   reference_anchored/GSE32646: AUC=0.7689 (n=115, pos=27, feat=1001)
2026-04-06 13:30:33,266 [INFO]   reference_anchored/GSE35640: AUC=0.5027 (n=56, pos=22, feat=1001)
2026-04-06 13:30:51,218 [INFO]   reference_anchored/GSE37946: AUC=0.6409 (n=50, pos=27, feat=1001)
2026-04-06 13:31:09,056 [INFO]   reference_anchored/GSE41998: AUC=0.6119 (n=206, pos=201, feat=1001)
2026-04-06 13:31:26,894 [INFO]   reference_anchored/GSE44272: AUC=0.4889 (n=53, pos=35, feat=1001)
2026-04-06 13:31:44,826 [INFO]   reference_anchored/GSE4779: AUC=0.9996 (n=102, pos=39, feat=1001)
2026-04-06 13:32:02,782 [INFO]   reference_anchored/GSE48905: AUC=0.4722 (n=39, pos=15, feat=1001)
2026-04-06 13:32:20,630 [INFO]   reference_anchored/GSE50948: AUC=0.4882 (n=156, pos=53, feat=1001)
2026-04-06 13:32:38,573 [INFO]   reference_anchored/GSE5122: AUC=0.8396 (n=57, pos=4, feat=1001)
2026-04-06 13:32:56,537 [INFO]   reference_anchored/GSE61676: AUC=0.5000 (n=86, pos=46, feat=1001)
2026-04-06 13:33:14,509 [INFO]   reference_anchored/GSE62321: AUC=0.4318 (n=57, pos=26, feat=1001)
2026-04-06 13:33:32,447 [INFO]   reference_anchored/GSE63885: AUC=0.1487 (n=68, pos=65, feat=1001)
2026-04-06 13:33:50,413 [INFO]   reference_anchored/GSE65021: AUC=0.7240 (n=40, pos=31, feat=1001)
2026-04-06 13:34:08,424 [INFO]   reference_anchored/GSE66999: AUC=0.4762 (n=76, pos=70, feat=1001)
2026-04-06 13:34:26,435 [INFO]   reference_anchored/GSE6861: AUC=0.8900 (n=161, pos=66, feat=1001)
2026-04-06 13:34:44,375 [INFO]   reference_anchored/GSE68871: AUC=0.6112 (n=118, pos=97, feat=1001)
2026-04-06 13:35:02,284 [INFO]   reference_anchored/GSE72970: AUC=0.5615 (n=124, pos=63, feat=1001)
2026-04-06 13:35:20,175 [INFO]   reference_anchored/GSE73578: AUC=0.2500 (n=63, pos=40, feat=1001)
2026-04-06 13:35:38,140 [INFO]   reference_anchored/GSE76360: AUC=0.4909 (n=96, pos=66, feat=1001)
2026-04-06 13:35:56,151 [INFO]   reference_anchored/GSE82172: AUC=0.4693 (n=152, pos=21, feat=1001)
2026-04-06 13:36:14,192 [INFO]   reference_anchored/GSE8970: AUC=0.3254 (n=26, pos=13, feat=1001)
2026-04-06 13:36:32,117 [INFO]   reference_anchored/GSE9782: AUC=0.4837 (n=312, pos=180, feat=1001)
2026-04-06 13:36:49,857 [INFO]   reference_anchored/ISPY2: AUC=0.5207 (n=988, pos=319, feat=1001)
2026-04-06 13:36:49,857 [INFO]   → reference_anchored: Mean AUC = 0.5767 (717s)
2026-04-06 13:36:49,861 [INFO] 
============================================================
2026-04-06 13:36:49,861 [INFO] LODO with correction: frozen_combat
2026-04-06 13:36:49,861 [INFO] ============================================================
2026-04-06 13:37:07,700 [INFO]   frozen_combat/BrighTNess: AUC=0.5806 (n=482, pos=236, feat=1001)
2026-04-06 13:37:25,764 [INFO]   frozen_combat/GSE104645: AUC=0.4356 (n=126, pos=112, feat=1001)
2026-04-06 13:37:43,855 [INFO]   frozen_combat/GSE104958: AUC=0.6716 (n=46, pos=12, feat=1001)
2026-04-06 13:38:01,933 [INFO]   frozen_combat/GSE109211: AUC=0.4896 (n=140, pos=42, feat=1001)
2026-04-06 13:38:19,980 [INFO]   frozen_combat/GSE131978: AUC=0.4591 (n=37, pos=18, feat=1001)
2026-04-06 13:38:38,152 [INFO]   frozen_combat/GSE14615: AUC=0.4167 (n=20, pos=6, feat=1001)
2026-04-06 13:38:56,263 [INFO]   frozen_combat/GSE14671: AUC=0.4593 (n=59, pos=41, feat=1001)
2026-04-06 13:39:14,346 [INFO]   frozen_combat/GSE173263: AUC=0.6517 (n=39, pos=29, feat=1001)
2026-04-06 13:39:32,440 [INFO]   frozen_combat/GSE19293: AUC=0.5134 (n=52, pos=24, feat=1001)
2026-04-06 13:39:50,502 [INFO]   frozen_combat/GSE20181: AUC=0.3814 (n=154, pos=110, feat=1001)
2026-04-06 13:40:08,525 [INFO]   frozen_combat/GSE20194: AUC=0.9108 (n=278, pos=56, feat=1001)
2026-04-06 13:40:26,525 [INFO]   frozen_combat/GSE20271: AUC=0.7475 (n=178, pos=26, feat=1001)
2026-04-06 13:40:44,533 [INFO]   frozen_combat/GSE21974: AUC=0.5712 (n=57, pos=18, feat=1001)
2026-04-06 13:41:02,518 [INFO]   frozen_combat/GSE22093: AUC=0.7314 (n=97, pos=28, feat=1001)
2026-04-06 13:41:20,535 [INFO]   frozen_combat/GSE23988: AUC=0.9817 (n=61, pos=20, feat=1001)
2026-04-06 13:41:38,573 [INFO]   frozen_combat/GSE25066: AUC=0.8640 (n=488, pos=99, feat=1001)
2026-04-06 13:41:56,621 [INFO]   frozen_combat/GSE28702: AUC=0.5273 (n=83, pos=42, feat=1001)
2026-04-06 13:42:14,588 [INFO]   frozen_combat/GSE32646: AUC=0.7689 (n=115, pos=27, feat=1001)
2026-04-06 13:42:32,534 [INFO]   frozen_combat/GSE35640: AUC=0.5094 (n=56, pos=22, feat=1001)
2026-04-06 13:42:50,556 [INFO]   frozen_combat/GSE37946: AUC=0.6409 (n=50, pos=27, feat=1001)
2026-04-06 13:43:08,568 [INFO]   frozen_combat/GSE41998: AUC=0.6119 (n=206, pos=201, feat=1001)
2026-04-06 13:43:26,680 [INFO]   frozen_combat/GSE44272: AUC=0.4921 (n=53, pos=35, feat=1001)
2026-04-06 13:43:44,748 [INFO]   frozen_combat/GSE4779: AUC=0.9996 (n=102, pos=39, feat=1001)
2026-04-06 13:44:02,845 [INFO]   frozen_combat/GSE48905: AUC=0.4722 (n=39, pos=15, feat=1001)
2026-04-06 13:44:20,856 [INFO]   frozen_combat/GSE50948: AUC=0.4882 (n=156, pos=53, feat=1001)
2026-04-06 13:44:38,943 [INFO]   frozen_combat/GSE5122: AUC=0.8396 (n=57, pos=4, feat=1001)
2026-04-06 13:44:57,056 [INFO]   frozen_combat/GSE61676: AUC=0.5000 (n=86, pos=46, feat=1001)
2026-04-06 13:45:15,175 [INFO]   frozen_combat/GSE62321: AUC=0.4318 (n=57, pos=26, feat=1001)
2026-04-06 13:45:33,288 [INFO]   frozen_combat/GSE63885: AUC=0.1487 (n=68, pos=65, feat=1001)
2026-04-06 13:45:51,428 [INFO]   frozen_combat/GSE65021: AUC=0.7240 (n=40, pos=31, feat=1001)
2026-04-06 13:46:09,434 [INFO]   frozen_combat/GSE66999: AUC=0.4762 (n=76, pos=70, feat=1001)
2026-04-06 13:46:27,361 [INFO]   frozen_combat/GSE6861: AUC=0.8900 (n=161, pos=66, feat=1001)
2026-04-06 13:46:45,222 [INFO]   frozen_combat/GSE68871: AUC=0.6112 (n=118, pos=97, feat=1001)
2026-04-06 13:47:03,088 [INFO]   frozen_combat/GSE72970: AUC=0.5615 (n=124, pos=63, feat=1001)
2026-04-06 13:47:20,932 [INFO]   frozen_combat/GSE73578: AUC=0.2500 (n=63, pos=40, feat=1001)
2026-04-06 13:47:38,795 [INFO]   frozen_combat/GSE76360: AUC=0.4909 (n=96, pos=66, feat=1001)
2026-04-06 13:47:56,711 [INFO]   frozen_combat/GSE82172: AUC=0.4693 (n=152, pos=21, feat=1001)
2026-04-06 13:48:14,642 [INFO]   frozen_combat/GSE8970: AUC=0.3254 (n=26, pos=13, feat=1001)
2026-04-06 13:48:32,523 [INFO]   frozen_combat/GSE9782: AUC=0.4837 (n=312, pos=180, feat=1001)
2026-04-06 13:48:50,320 [INFO]   frozen_combat/ISPY2: AUC=0.5089 (n=988, pos=319, feat=1001)
2026-04-06 13:48:50,321 [INFO]   → frozen_combat: Mean AUC = 0.5772 (720s)
2026-04-06 13:48:50,325 [INFO] 
============================================================
2026-04-06 13:48:50,325 [INFO] LODO with correction: rank
2026-04-06 13:48:50,325 [INFO] ============================================================
2026-04-06 13:49:08,359 [INFO]   rank/BrighTNess: AUC=0.6022 (n=482, pos=236, feat=1001)
2026-04-06 13:49:26,922 [INFO]   rank/GSE104645: AUC=0.5300 (n=126, pos=112, feat=1001)
2026-04-06 13:49:44,881 [INFO]   rank/GSE104958: AUC=0.7255 (n=46, pos=12, feat=1001)
2026-04-06 13:50:02,844 [INFO]   rank/GSE109211: AUC=0.4609 (n=140, pos=42, feat=1001)
2026-04-06 13:50:21,277 [INFO]   rank/GSE131978: AUC=0.4708 (n=37, pos=18, feat=1001)
2026-04-06 13:50:39,324 [INFO]   rank/GSE14615: AUC=0.3452 (n=20, pos=6, feat=1001)
2026-04-06 13:50:57,243 [INFO]   rank/GSE14671: AUC=0.6057 (n=59, pos=41, feat=1001)
2026-04-06 13:51:15,213 [INFO]   rank/GSE173263: AUC=0.6414 (n=39, pos=29, feat=1001)
2026-04-06 13:51:33,198 [INFO]   rank/GSE19293: AUC=0.5774 (n=52, pos=24, feat=1001)
2026-04-06 13:51:51,248 [INFO]   rank/GSE20181: AUC=0.3246 (n=154, pos=110, feat=1001)
2026-04-06 13:52:09,144 [INFO]   rank/GSE20194: AUC=0.9484 (n=278, pos=56, feat=1001)
2026-04-06 13:52:27,052 [INFO]   rank/GSE20271: AUC=0.7487 (n=178, pos=26, feat=1001)
2026-04-06 13:52:44,995 [INFO]   rank/GSE21974: AUC=0.6553 (n=57, pos=18, feat=1001)
2026-04-06 13:53:02,920 [INFO]   rank/GSE22093: AUC=0.7117 (n=97, pos=28, feat=1001)
2026-04-06 13:53:20,911 [INFO]   rank/GSE23988: AUC=0.9793 (n=61, pos=20, feat=1001)
2026-04-06 13:53:38,829 [INFO]   rank/GSE25066: AUC=0.8849 (n=488, pos=99, feat=1001)
2026-04-06 13:53:56,783 [INFO]   rank/GSE28702: AUC=0.5465 (n=83, pos=42, feat=1001)
2026-04-06 13:54:14,788 [INFO]   rank/GSE32646: AUC=0.6473 (n=115, pos=27, feat=1001)
2026-04-06 13:54:32,812 [INFO]   rank/GSE35640: AUC=0.5856 (n=56, pos=22, feat=1001)
2026-04-06 13:54:50,728 [INFO]   rank/GSE37946: AUC=0.6940 (n=50, pos=27, feat=1001)
2026-04-06 13:55:08,662 [INFO]   rank/GSE41998: AUC=0.5453 (n=206, pos=201, feat=1001)
2026-04-06 13:55:26,671 [INFO]   rank/GSE44272: AUC=0.4175 (n=53, pos=35, feat=1001)
2026-04-06 13:55:44,621 [INFO]   rank/GSE4779: AUC=0.9902 (n=102, pos=39, feat=1001)
2026-04-06 13:56:02,588 [INFO]   rank/GSE48905: AUC=0.4333 (n=39, pos=15, feat=1001)
2026-04-06 13:56:20,514 [INFO]   rank/GSE50948: AUC=0.5437 (n=156, pos=53, feat=1001)
2026-04-06 13:56:38,437 [INFO]   rank/GSE5122: AUC=0.7594 (n=57, pos=4, feat=1001)
2026-04-06 13:56:56,513 [INFO]   rank/GSE61676: AUC=0.5000 (n=86, pos=46, feat=1001)
2026-04-06 13:57:14,749 [INFO]   rank/GSE62321: AUC=0.4553 (n=57, pos=26, feat=1001)
2026-04-06 13:57:33,254 [INFO]   rank/GSE63885: AUC=0.4205 (n=68, pos=65, feat=1001)
2026-04-06 13:57:51,435 [INFO]   rank/GSE65021: AUC=0.5806 (n=40, pos=31, feat=1001)
2026-04-06 13:58:09,787 [INFO]   rank/GSE66999: AUC=0.5000 (n=76, pos=70, feat=1001)
2026-04-06 13:58:27,630 [INFO]   rank/GSE6861: AUC=0.8866 (n=161, pos=66, feat=1001)
2026-04-06 13:58:45,519 [INFO]   rank/GSE68871: AUC=0.6367 (n=118, pos=97, feat=1001)
2026-04-06 13:59:03,396 [INFO]   rank/GSE72970: AUC=0.4580 (n=124, pos=63, feat=1001)
2026-04-06 13:59:21,304 [INFO]   rank/GSE73578: AUC=0.5641 (n=63, pos=40, feat=1001)
2026-04-06 13:59:39,265 [INFO]   rank/GSE76360: AUC=0.5652 (n=96, pos=66, feat=1001)
2026-04-06 13:59:57,142 [INFO]   rank/GSE82172: AUC=0.3442 (n=152, pos=21, feat=1001)
2026-04-06 14:00:15,071 [INFO]   rank/GSE8970: AUC=0.5621 (n=26, pos=13, feat=1001)
2026-04-06 14:00:33,034 [INFO]   rank/GSE9782: AUC=0.4510 (n=312, pos=180, feat=1001)
2026-04-06 14:00:50,878 [INFO]   rank/ISPY2: AUC=0.5098 (n=988, pos=319, feat=1001)
2026-04-06 14:00:50,879 [INFO]   → rank: Mean AUC = 0.5952 (721s)
2026-04-06 14:00:50,883 [INFO] 
============================================================
2026-04-06 14:00:50,883 [INFO] LODO with correction: quantile
2026-04-06 14:00:50,883 [INFO] ============================================================
2026-04-06 14:01:08,974 [INFO]   quantile/BrighTNess: AUC=0.6203 (n=482, pos=236, feat=1001)
2026-04-06 14:01:27,090 [INFO]   quantile/GSE104645: AUC=0.4432 (n=126, pos=112, feat=1001)
2026-04-06 14:01:45,380 [INFO]   quantile/GSE104958: AUC=0.7034 (n=46, pos=12, feat=1001)
2026-04-06 14:02:03,669 [INFO]   quantile/GSE109211: AUC=0.5569 (n=140, pos=42, feat=1001)
2026-04-06 14:02:21,794 [INFO]   quantile/GSE131978: AUC=0.4912 (n=37, pos=18, feat=1001)
2026-04-06 14:02:40,031 [INFO]   quantile/GSE14615: AUC=0.4048 (n=20, pos=6, feat=1001)
2026-04-06 14:02:58,267 [INFO]   quantile/GSE14671: AUC=0.5637 (n=59, pos=41, feat=1001)
2026-04-06 14:03:16,638 [INFO]   quantile/GSE173263: AUC=0.6552 (n=39, pos=29, feat=1001)
2026-04-06 14:03:35,394 [INFO]   quantile/GSE19293: AUC=0.4271 (n=52, pos=24, feat=1001)
2026-04-06 14:03:53,798 [INFO]   quantile/GSE20181: AUC=0.2998 (n=154, pos=110, feat=1001)
2026-04-06 14:04:12,006 [INFO]   quantile/GSE20194: AUC=0.9497 (n=278, pos=56, feat=1001)
2026-04-06 14:04:30,331 [INFO]   quantile/GSE20271: AUC=0.7657 (n=178, pos=26, feat=1001)
2026-04-06 14:04:49,066 [INFO]   quantile/GSE21974: AUC=0.6581 (n=57, pos=18, feat=1001)
2026-04-06 14:05:08,569 [INFO]   quantile/GSE22093: AUC=0.7034 (n=97, pos=28, feat=1001)
2026-04-06 14:05:27,814 [INFO]   quantile/GSE23988: AUC=0.9805 (n=61, pos=20, feat=1001)
2026-04-06 14:05:46,911 [INFO]   quantile/GSE25066: AUC=0.8931 (n=488, pos=99, feat=1001)
2026-04-06 14:06:06,110 [INFO]   quantile/GSE28702: AUC=0.5209 (n=83, pos=42, feat=1001)
2026-04-06 14:06:25,311 [INFO]   quantile/GSE32646: AUC=0.6536 (n=115, pos=27, feat=1001)
2026-04-06 14:06:44,130 [INFO]   quantile/GSE35640: AUC=0.6270 (n=56, pos=22, feat=1001)
2026-04-06 14:07:02,317 [INFO]   quantile/GSE37946: AUC=0.6473 (n=50, pos=27, feat=1001)
2026-04-06 14:07:20,551 [INFO]   quantile/GSE41998: AUC=0.5900 (n=206, pos=201, feat=1001)
2026-04-06 14:07:38,782 [INFO]   quantile/GSE44272: AUC=0.4413 (n=53, pos=35, feat=1001)
2026-04-06 14:07:56,935 [INFO]   quantile/GSE4779: AUC=0.9931 (n=102, pos=39, feat=1001)
2026-04-06 14:08:15,065 [INFO]   quantile/GSE48905: AUC=0.4750 (n=39, pos=15, feat=1001)
2026-04-06 14:08:33,153 [INFO]   quantile/GSE50948: AUC=0.5309 (n=156, pos=53, feat=1001)
2026-04-06 14:08:51,312 [INFO]   quantile/GSE5122: AUC=0.8396 (n=57, pos=4, feat=1001)
2026-04-06 14:09:09,401 [INFO]   quantile/GSE61676: AUC=0.5000 (n=86, pos=46, feat=1001)
2026-04-06 14:09:27,589 [INFO]   quantile/GSE62321: AUC=0.4355 (n=57, pos=26, feat=1001)
2026-04-06 14:09:45,705 [INFO]   quantile/GSE63885: AUC=0.4872 (n=68, pos=65, feat=1001)
2026-04-06 14:10:03,837 [INFO]   quantile/GSE65021: AUC=0.6272 (n=40, pos=31, feat=1001)
2026-04-06 14:10:21,935 [INFO]   quantile/GSE66999: AUC=0.5238 (n=76, pos=70, feat=1001)
2026-04-06 14:10:39,953 [INFO]   quantile/GSE6861: AUC=0.8780 (n=161, pos=66, feat=1001)
2026-04-06 14:10:57,983 [INFO]   quantile/GSE68871: AUC=0.5572 (n=118, pos=97, feat=1001)
2026-04-06 14:11:16,006 [INFO]   quantile/GSE72970: AUC=0.5191 (n=124, pos=63, feat=1001)
2026-04-06 14:11:34,039 [INFO]   quantile/GSE73578: AUC=0.5772 (n=63, pos=40, feat=1001)
2026-04-06 14:11:52,135 [INFO]   quantile/GSE76360: AUC=0.5510 (n=96, pos=66, feat=1001)
2026-04-06 14:12:10,133 [INFO]   quantile/GSE82172: AUC=0.5009 (n=152, pos=21, feat=1001)
2026-04-06 14:12:28,116 [INFO]   quantile/GSE8970: AUC=0.5858 (n=26, pos=13, feat=1001)
2026-04-06 14:12:46,214 [INFO]   quantile/GSE9782: AUC=0.4218 (n=312, pos=180, feat=1001)
2026-04-06 14:13:04,195 [INFO]   quantile/ISPY2: AUC=0.5073 (n=988, pos=319, feat=1001)
2026-04-06 14:13:04,195 [INFO]   → quantile: Mean AUC = 0.6027 (733s)
2026-04-06 14:13:04,206 [INFO] 
Saved per-dataset results: /Users/marinaesteban-medina/Desktop/INVEREX/inverex-mvp/results/leakage_free/leakage_free_retrain_comparison.tsv
2026-04-06 14:13:04,208 [INFO] 
======================================================================
2026-04-06 14:13:04,208 [INFO] SUMMARY: Leakage-free batch correction comparison
2026-04-06 14:13:04,208 [INFO] ======================================================================
2026-04-06 14:13:04,208 [INFO]   leaked_combat              AUC = 0.6660 ± 0.2462  (median=0.6159, n=40)
2026-04-06 14:13:04,208 [INFO]   quantile                   AUC = 0.6027 ± 0.1657  (median=0.5604, n=40)
2026-04-06 14:13:04,209 [INFO]   rank                       AUC = 0.5952 ± 0.1694  (median=0.5646, n=40)
2026-04-06 14:13:04,209 [INFO]   none                       AUC = 0.5880 ± 0.1710  (median=0.5604, n=40)
2026-04-06 14:13:04,209 [INFO]   frozen_combat              AUC = 0.5772 ± 0.1905  (median=0.5114, n=40)
2026-04-06 14:13:04,209 [INFO]   reference_anchored         AUC = 0.5767 ± 0.1910  (median=0.5080, n=40)
2026-04-06 14:13:04,209 [INFO] 
Done. Results in /Users/marinaesteban-medina/Desktop/INVEREX/inverex-mvp/results/leakage_free/
