2026-04-06 15:04:38,881 [INFO] Loading datasets...
2026-04-06 15:05:01,907 [INFO] Loaded 40 datasets, 5598 patients
2026-04-06 15:05:01,907 [INFO] ============================================================
2026-04-06 15:05:01,907 [INFO] STEP 1: Dataset profiling
2026-04-06 15:05:01,907 [INFO] ============================================================
2026-04-06 15:05:01,909 [INFO] Saved dataset profiles (40 datasets)
2026-04-06 15:05:01,909 [INFO]   ISPY2            n= 988  resp=0.32  genes=19134
2026-04-06 15:05:01,909 [INFO]   GSE25066         n= 488  resp=0.20  genes=13237
2026-04-06 15:05:01,910 [INFO]   BrighTNess       n= 482  resp=0.49  genes=24613
2026-04-06 15:05:01,910 [INFO]   GSE9782          n= 312  resp=0.58  genes=102
2026-04-06 15:05:01,910 [INFO]   GSE20194         n= 278  resp=0.20  genes=13237
2026-04-06 15:05:01,910 [INFO]   GSE41998         n= 206  resp=0.98  genes=13237
2026-04-06 15:05:01,910 [INFO]   GSE20271         n= 178  resp=0.15  genes=13237
2026-04-06 15:05:01,910 [INFO]   GSE6861          n= 161  resp=0.41  genes=20295
2026-04-06 15:05:01,910 [INFO]   GSE50948         n= 156  resp=0.34  genes=22880
2026-04-06 15:05:01,910 [INFO]   GSE20181         n= 154  resp=0.71  genes=13237
2026-04-06 15:05:01,910 [INFO]   GSE82172         n= 152  resp=0.14  genes=20277
2026-04-06 15:05:01,910 [INFO]   GSE109211        n= 140  resp=0.30  genes=20727
2026-04-06 15:05:01,910 [INFO]   GSE104645        n= 126  resp=0.89  genes=19595
2026-04-06 15:05:01,910 [INFO]   GSE72970         n= 124  resp=0.51  genes=22880
2026-04-06 15:05:01,910 [INFO]   GSE68871         n= 118  resp=0.82  genes=22880
2026-04-06 15:05:01,910 [INFO]   GSE32646         n= 115  resp=0.23  genes=22880
2026-04-06 15:05:01,910 [INFO]   GSE4779          n= 102  resp=0.38  genes=20295
2026-04-06 15:05:01,910 [INFO]   GSE22093         n=  97  resp=0.29  genes=13237
2026-04-06 15:05:01,910 [INFO]   GSE76360         n=  96  resp=0.69  genes=23684
2026-04-06 15:05:01,910 [INFO]   GSE61676         n=  86  resp=0.54  genes=47254
2026-04-06 15:05:01,910 [INFO]   GSE28702         n=  83  resp=0.51  genes=22880
2026-04-06 15:05:01,910 [INFO]   GSE66999         n=  76  resp=0.92  genes=19595
2026-04-06 15:05:01,910 [INFO]   GSE63885         n=  68  resp=0.96  genes=22880
2026-04-06 15:05:01,910 [INFO]   GSE73578         n=  63  resp=0.64  genes=22880
2026-04-06 15:05:01,910 [INFO]   GSE23988         n=  61  resp=0.33  genes=13237
2026-04-06 15:05:01,910 [INFO]   GSE14671         n=  59  resp=0.69  genes=22880
2026-04-06 15:05:01,910 [INFO]   GSE62321         n=  57  resp=0.46  genes=11198
2026-04-06 15:05:01,910 [INFO]   GSE21974         n=  57  resp=0.32  genes=19595
2026-04-06 15:05:01,910 [INFO]   GSE5122          n=  57  resp=0.07  genes=13237
2026-04-06 15:05:01,911 [INFO]   GSE35640         n=  56  resp=0.39  genes=22880
2026-04-06 15:05:01,911 [INFO]   GSE44272         n=  53  resp=0.66  genes=19468
2026-04-06 15:05:01,911 [INFO]   GSE19293         n=  52  resp=0.46  genes=22880
2026-04-06 15:05:01,911 [INFO]   GSE37946         n=  50  resp=0.54  genes=13237
2026-04-06 15:05:01,911 [INFO]   GSE104958        n=  46  resp=0.26  genes=34729
2026-04-06 15:05:01,911 [INFO]   GSE65021         n=  40  resp=0.78  genes=20819
2026-04-06 15:05:01,911 [INFO]   GSE173263        n=  39  resp=0.74  genes=19468
2026-04-06 15:05:01,911 [INFO]   GSE48905         n=  39  resp=0.39  genes=22880
2026-04-06 15:05:01,911 [INFO]   GSE131978        n=  37  resp=0.49  genes=13237
2026-04-06 15:05:01,911 [INFO]   GSE8970          n=  26  resp=0.50  genes=13237
2026-04-06 15:05:01,911 [INFO]   GSE14615         n=  20  resp=0.30  genes=22880
2026-04-06 15:05:01,911 [INFO] ============================================================
2026-04-06 15:05:01,911 [INFO] STEP 2: Building two gene sets
2026-04-06 15:05:01,911 [INFO] ============================================================
2026-04-06 15:05:02,033 [INFO] Gene set 212: 212 genes
2026-04-06 15:05:02,033 [INFO] Gene set 954: 954 genes
2026-04-06 15:05:02,033 [INFO] Overlap: 74 genes
2026-04-06 15:05:02,033 [INFO] ============================================================
2026-04-06 15:05:02,033 [INFO] STEP 3: Controlled experiment
2026-04-06 15:05:02,033 [INFO] ============================================================
2026-04-06 15:05:02,033 [INFO] 
--- Gene set: 212 (212 genes) ---
2026-04-06 15:05:02,472 [INFO] Pooled: (5598, 212)
2026-04-06 15:05:02,473 [INFO]   Running leaked ComBat WITH labels (212 genes)...
2026-04-06 15:05:04,382 [INFO]   ComBat+labels done (1.9s)
2026-04-06 15:05:04,382 [INFO]   ssGSEA (212, combat+labels)...
2026-04-06 15:05:15,279 [INFO]   LODO: 212g_leaked_combat_with_labels (246 features)...
2026-04-06 15:06:15,585 [INFO]   → 212g_leaked_combat_with_labels: AUC = 0.7630
2026-04-06 15:06:15,586 [INFO]   Running leaked ComBat NO labels (212 genes)...
2026-04-06 15:06:17,899 [INFO]   ComBat no-labels done (2.3s)
2026-04-06 15:06:17,899 [INFO]   ssGSEA (212, combat_nolabels)...
2026-04-06 15:06:29,964 [INFO]   LODO: 212g_leaked_combat_no_labels (246 features)...
2026-04-06 15:07:31,220 [INFO]   → 212g_leaked_combat_no_labels: AUC = 0.5940
2026-04-06 15:07:31,221 [INFO]   Quantile normalization (212 genes)...
2026-04-06 15:07:31,441 [INFO]   ssGSEA (212, quantile)...
2026-04-06 15:07:42,139 [INFO]   LODO: 212g_quantile (246 features)...
2026-04-06 15:08:41,815 [INFO]   → 212g_quantile: AUC = 0.5935
2026-04-06 15:08:41,815 [INFO] 
--- Gene set: 954 (954 genes) ---
2026-04-06 15:08:43,158 [INFO] Pooled: (5598, 954)
2026-04-06 15:08:43,159 [INFO]   Running leaked ComBat WITH labels (954 genes)...
2026-04-06 15:09:07,240 [INFO]   ComBat+labels done (24.1s)
2026-04-06 15:09:07,240 [INFO]   ssGSEA (954, combat+labels)...
2026-04-06 15:09:23,077 [INFO]   LODO: 954g_leaked_combat_with_labels (1001 features)...
2026-04-06 15:11:56,905 [INFO]   → 954g_leaked_combat_with_labels: AUC = 0.6660
2026-04-06 15:11:56,906 [INFO]   Running leaked ComBat NO labels (954 genes)...
2026-04-06 15:12:06,537 [INFO]   ComBat no-labels done (9.6s)
2026-04-06 15:12:06,537 [INFO]   ssGSEA (954, combat_nolabels)...
2026-04-06 15:12:22,290 [INFO]   LODO: 954g_leaked_combat_no_labels (1001 features)...
2026-04-06 15:14:05,728 [INFO]   → 954g_leaked_combat_no_labels: AUC = 0.5732
2026-04-06 15:14:05,728 [INFO]   Quantile normalization (954 genes)...
2026-04-06 15:14:06,218 [INFO]   ssGSEA (954, quantile)...
2026-04-06 15:14:21,413 [INFO]   LODO: 954g_quantile (1001 features)...
2026-04-06 15:15:58,336 [INFO]   → 954g_quantile: AUC = 0.6089
2026-04-06 15:15:58,336 [INFO] ============================================================
2026-04-06 15:15:58,336 [INFO] STEP 4: Comprehensive comparison
2026-04-06 15:15:58,336 [INFO] ============================================================
2026-04-06 15:15:58,338 [INFO] 
============================================================
2026-04-06 15:15:58,338 [INFO] CONTROLLED EXPERIMENT RESULTS
2026-04-06 15:15:58,338 [INFO] ============================================================
2026-04-06 15:15:58,338 [INFO]   212g_leaked_combat_with_labels                 AUC = 0.7630 ± 0.2719
2026-04-06 15:15:58,338 [INFO]   954g_leaked_combat_with_labels                 AUC = 0.6660 ± 0.2462
2026-04-06 15:15:58,338 [INFO]   954g_quantile                                  AUC = 0.6089 ± 0.1651
2026-04-06 15:15:58,338 [INFO]   212g_leaked_combat_no_labels                   AUC = 0.5940 ± 0.1680
2026-04-06 15:15:58,338 [INFO]   212g_quantile                                  AUC = 0.5935 ± 0.1650
2026-04-06 15:15:58,338 [INFO]   954g_leaked_combat_no_labels                   AUC = 0.5732 ± 0.1821
2026-04-06 15:15:58,338 [INFO] 
============================================================
2026-04-06 15:15:58,338 [INFO] DECOMPOSITION OF 0.761 → 0.666 GAP
2026-04-06 15:15:58,338 [INFO] ============================================================
2026-04-06 15:15:58,338 [INFO]   Gene count effect (212 vs 954, same ComBat+labels): +0.0971
2026-04-06 15:15:58,338 [INFO]   Label covariate effect (212 genes): +0.1690
2026-04-06 15:15:58,338 [INFO]   Label covariate effect (954 genes): +0.0928
2026-04-06 15:15:58,338 [INFO]   ComBat batch leakage (212 genes, no labels): +0.0005
2026-04-06 15:15:58,338 [INFO]   ComBat batch leakage (954 genes, no labels): -0.0358
2026-04-06 15:15:58,338 [INFO] 
Honest (leakage-free) AUCs:
2026-04-06 15:15:58,338 [INFO]   212g_quantile: 0.5935
2026-04-06 15:15:58,338 [INFO]   954g_quantile: 0.6089
2026-04-06 15:15:58,338 [INFO] ============================================================
2026-04-06 15:15:58,338 [INFO] STEP 5: Per-dataset comparison heatmap
2026-04-06 15:15:58,338 [INFO] ============================================================
2026-04-06 15:15:58,340 [INFO] Saved comprehensive comparison: (40, 12)
2026-04-06 15:15:58,340 [INFO] 
Done. All results in /Users/marinaesteban-medina/Desktop/INVEREX/inverex-mvp/results/scope_investigation/
