2026-04-06 15:34:26,736 [INFO] Loading datasets...
2026-04-06 15:34:54,003 [INFO] Loaded 40 datasets, 5598 patients
2026-04-06 15:34:54,004 [INFO] 212 curated genes loaded
2026-04-06 15:34:54,427 [INFO] Pooled: (5598, 212)
2026-04-06 15:34:54,428 [INFO] ============================================================
2026-04-06 15:34:54,428 [INFO] SUPERVISED COMBAT LODO (212 curated genes)
2026-04-06 15:34:54,428 [INFO] ============================================================
2026-04-06 15:34:54,428 [INFO] 
============================================================
2026-04-06 15:34:54,428 [INFO] leaked_all_labels: ComBat + all labels (leaked ceiling)
2026-04-06 15:34:54,428 [INFO] ============================================================
2026-04-06 15:35:06,005 [INFO]   leaked_all_labels/BrighTNess: AUC=0.5683 (n=482, pos=236)
2026-04-06 15:35:17,546 [INFO]   leaked_all_labels/GSE104645: AUC=0.9732 (n=126, pos=112)
2026-04-06 15:35:29,178 [INFO]   leaked_all_labels/GSE104958: AUC=0.7206 (n=46, pos=12)
2026-04-06 15:35:40,773 [INFO]   leaked_all_labels/GSE109211: AUC=0.9900 (n=140, pos=42)
2026-04-06 15:35:52,471 [INFO]   leaked_all_labels/GSE131978: AUC=1.0000 (n=37, pos=18)
2026-04-06 15:36:04,200 [INFO]   leaked_all_labels/GSE14615: AUC=0.3333 (n=20, pos=6)
2026-04-06 15:36:15,970 [INFO]   leaked_all_labels/GSE14671: AUC=0.5447 (n=59, pos=41)
2026-04-06 15:36:27,662 [INFO]   leaked_all_labels/GSE173263: AUC=0.6103 (n=39, pos=29)
2026-04-06 15:36:39,447 [INFO]   leaked_all_labels/GSE19293: AUC=0.4970 (n=52, pos=24)
2026-04-06 15:36:51,222 [INFO]   leaked_all_labels/GSE20181: AUC=1.0000 (n=154, pos=110)
2026-04-06 15:37:02,985 [INFO]   leaked_all_labels/GSE20194: AUC=1.0000 (n=278, pos=56)
2026-04-06 15:37:14,845 [INFO]   leaked_all_labels/GSE20271: AUC=1.0000 (n=178, pos=26)
2026-04-06 15:37:26,722 [INFO]   leaked_all_labels/GSE21974: AUC=0.9772 (n=57, pos=18)
2026-04-06 15:37:38,594 [INFO]   leaked_all_labels/GSE22093: AUC=1.0000 (n=97, pos=28)
2026-04-06 15:37:50,567 [INFO]   leaked_all_labels/GSE23988: AUC=0.9768 (n=61, pos=20)
2026-04-06 15:38:02,386 [INFO]   leaked_all_labels/GSE25066: AUC=0.9998 (n=488, pos=99)
2026-04-06 15:38:14,304 [INFO]   leaked_all_labels/GSE28702: AUC=0.4466 (n=83, pos=42)
2026-04-06 15:38:26,182 [INFO]   leaked_all_labels/GSE32646: AUC=0.6263 (n=115, pos=27)
2026-04-06 15:38:38,057 [INFO]   leaked_all_labels/GSE35640: AUC=0.6043 (n=56, pos=22)
2026-04-06 15:38:49,980 [INFO]   leaked_all_labels/GSE37946: AUC=1.0000 (n=50, pos=27)
2026-04-06 15:39:01,846 [INFO]   leaked_all_labels/GSE41998: AUC=0.0239 (n=206, pos=201)
2026-04-06 15:39:13,724 [INFO]   leaked_all_labels/GSE44272: AUC=0.9873 (n=53, pos=35)
2026-04-06 15:39:26,091 [INFO]   leaked_all_labels/GSE4779: AUC=0.9996 (n=102, pos=39)
2026-04-06 15:39:38,368 [INFO]   leaked_all_labels/GSE48905: AUC=0.6333 (n=39, pos=15)
2026-04-06 15:39:50,669 [INFO]   leaked_all_labels/GSE50948: AUC=0.4596 (n=156, pos=53)
2026-04-06 15:40:02,839 [INFO]   leaked_all_labels/GSE5122: AUC=1.0000 (n=57, pos=4)
2026-04-06 15:40:14,706 [INFO]   leaked_all_labels/GSE61676: AUC=1.0000 (n=86, pos=46)
2026-04-06 15:40:26,636 [INFO]   leaked_all_labels/GSE62321: AUC=0.3784 (n=57, pos=26)
2026-04-06 15:40:38,506 [INFO]   leaked_all_labels/GSE63885: AUC=0.5641 (n=68, pos=65)
2026-04-06 15:40:50,414 [INFO]   leaked_all_labels/GSE65021: AUC=1.0000 (n=40, pos=31)
2026-04-06 15:41:02,332 [INFO]   leaked_all_labels/GSE66999: AUC=0.9929 (n=76, pos=70)
2026-04-06 15:41:14,191 [INFO]   leaked_all_labels/GSE6861: AUC=0.9995 (n=161, pos=66)
2026-04-06 15:41:26,092 [INFO]   leaked_all_labels/GSE68871: AUC=0.5351 (n=118, pos=97)
2026-04-06 15:41:38,024 [INFO]   leaked_all_labels/GSE72970: AUC=0.5131 (n=124, pos=63)
2026-04-06 15:41:49,931 [INFO]   leaked_all_labels/GSE73578: AUC=0.4565 (n=63, pos=40)
2026-04-06 15:42:01,873 [INFO]   leaked_all_labels/GSE76360: AUC=0.9929 (n=96, pos=66)
2026-04-06 15:42:13,736 [INFO]   leaked_all_labels/GSE82172: AUC=0.4962 (n=152, pos=21)
2026-04-06 15:42:25,635 [INFO]   leaked_all_labels/GSE8970: AUC=1.0000 (n=26, pos=13)
2026-04-06 15:42:37,547 [INFO]   leaked_all_labels/GSE9782: AUC=1.0000 (n=312, pos=180)
2026-04-06 15:42:49,561 [INFO]   leaked_all_labels/ISPY2: AUC=0.7926 (n=988, pos=319)
2026-04-06 15:42:49,562 [INFO]   → leaked_all_labels: Mean AUC = 0.7673 ± 0.2661 (475s)
2026-04-06 15:42:49,562 [INFO] 
============================================================
2026-04-06 15:42:49,562 [INFO] supervised_mean_impute: ComBat + training labels, test=mean
2026-04-06 15:42:49,562 [INFO] ============================================================
2026-04-06 15:43:01,544 [INFO]   supervised_mean_impute/BrighTNess: AUC=0.5664 (n=482, pos=236)
2026-04-06 15:43:13,538 [INFO]   supervised_mean_impute/GSE104645: AUC=0.4541 (n=126, pos=112)
2026-04-06 15:43:25,483 [INFO]   supervised_mean_impute/GSE104958: AUC=0.4387 (n=46, pos=12)
2026-04-06 15:43:37,638 [INFO]   supervised_mean_impute/GSE109211: AUC=0.7454 (n=140, pos=42)
2026-04-06 15:43:49,740 [INFO]   supervised_mean_impute/GSE131978: AUC=0.4094 (n=37, pos=18)
2026-04-06 15:44:01,809 [INFO]   supervised_mean_impute/GSE14615: AUC=0.3333 (n=20, pos=6)
2026-04-06 15:44:13,978 [INFO]   supervised_mean_impute/GSE14671: AUC=0.4973 (n=59, pos=41)
2026-04-06 15:44:26,198 [INFO]   supervised_mean_impute/GSE173263: AUC=0.6586 (n=39, pos=29)
2026-04-06 15:44:38,134 [INFO]   supervised_mean_impute/GSE19293: AUC=0.5670 (n=52, pos=24)
2026-04-06 15:44:50,126 [INFO]   supervised_mean_impute/GSE20181: AUC=0.3479 (n=154, pos=110)
2026-04-06 15:45:01,990 [INFO]   supervised_mean_impute/GSE20194: AUC=0.6026 (n=278, pos=56)
2026-04-06 15:45:13,947 [INFO]   supervised_mean_impute/GSE20271: AUC=0.5407 (n=178, pos=26)
2026-04-06 15:45:25,875 [INFO]   supervised_mean_impute/GSE21974: AUC=0.5470 (n=57, pos=18)
2026-04-06 15:45:37,869 [INFO]   supervised_mean_impute/GSE22093: AUC=0.6651 (n=97, pos=28)
2026-04-06 15:45:49,836 [INFO]   supervised_mean_impute/GSE23988: AUC=0.6695 (n=61, pos=20)
2026-04-06 15:46:01,799 [INFO]   supervised_mean_impute/GSE25066: AUC=0.6398 (n=488, pos=99)
2026-04-06 15:46:13,696 [INFO]   supervised_mean_impute/GSE28702: AUC=0.4483 (n=83, pos=42)
2026-04-06 15:46:25,574 [INFO]   supervised_mean_impute/GSE32646: AUC=0.5316 (n=115, pos=27)
2026-04-06 15:46:37,577 [INFO]   supervised_mean_impute/GSE35640: AUC=0.6043 (n=56, pos=22)
2026-04-06 15:46:49,483 [INFO]   supervised_mean_impute/GSE37946: AUC=0.7520 (n=50, pos=27)
2026-04-06 15:47:01,343 [INFO]   supervised_mean_impute/GSE41998: AUC=0.7184 (n=206, pos=201)
2026-04-06 15:47:13,239 [INFO]   supervised_mean_impute/GSE44272: AUC=0.4524 (n=53, pos=35)
2026-04-06 15:47:25,096 [INFO]   supervised_mean_impute/GSE4779: AUC=0.6764 (n=102, pos=39)
2026-04-06 15:47:36,972 [INFO]   supervised_mean_impute/GSE48905: AUC=0.6250 (n=39, pos=15)
2026-04-06 15:47:48,863 [INFO]   supervised_mean_impute/GSE50948: AUC=0.4746 (n=156, pos=53)
2026-04-06 15:48:00,748 [INFO]   supervised_mean_impute/GSE5122: AUC=0.6934 (n=57, pos=4)
2026-04-06 15:48:12,590 [INFO]   supervised_mean_impute/GSE61676: AUC=0.5000 (n=86, pos=46)
2026-04-06 15:48:24,468 [INFO]   supervised_mean_impute/GSE62321: AUC=0.4404 (n=57, pos=26)
2026-04-06 15:48:36,367 [INFO]   supervised_mean_impute/GSE63885: AUC=0.4974 (n=68, pos=65)
2026-04-06 15:48:48,352 [INFO]   supervised_mean_impute/GSE65021: AUC=0.5269 (n=40, pos=31)
2026-04-06 15:49:00,254 [INFO]   supervised_mean_impute/GSE66999: AUC=0.7143 (n=76, pos=70)
2026-04-06 15:49:12,232 [INFO]   supervised_mean_impute/GSE6861: AUC=0.7002 (n=161, pos=66)
2026-04-06 15:49:24,244 [INFO]   supervised_mean_impute/GSE68871: AUC=0.5518 (n=118, pos=97)
2026-04-06 15:49:36,190 [INFO]   supervised_mean_impute/GSE72970: AUC=0.5308 (n=124, pos=63)
2026-04-06 15:49:48,105 [INFO]   supervised_mean_impute/GSE73578: AUC=0.5554 (n=63, pos=40)
2026-04-06 15:50:00,117 [INFO]   supervised_mean_impute/GSE76360: AUC=0.6222 (n=96, pos=66)
2026-04-06 15:50:12,269 [INFO]   supervised_mean_impute/GSE82172: AUC=0.4842 (n=152, pos=21)
2026-04-06 15:50:24,231 [INFO]   supervised_mean_impute/GSE8970: AUC=0.8402 (n=26, pos=13)
2026-04-06 15:50:36,114 [INFO]   supervised_mean_impute/GSE9782: AUC=0.4955 (n=312, pos=180)
2026-04-06 15:50:48,139 [INFO]   supervised_mean_impute/ISPY2: AUC=0.5212 (n=988, pos=319)
2026-04-06 15:50:48,139 [INFO]   → supervised_mean_impute: Mean AUC = 0.5660 ± 0.1150 (479s)
2026-04-06 15:50:48,139 [INFO] 
============================================================
2026-04-06 15:50:48,139 [INFO] supervised_two_step: ComBat on train only + frozen for test
2026-04-06 15:50:48,139 [INFO] ============================================================
2026-04-06 15:51:00,046 [INFO]   supervised_two_step/BrighTNess: AUC=0.5459 (n=482, pos=236)
2026-04-06 15:51:11,989 [INFO]   supervised_two_step/GSE104645: AUC=0.4904 (n=126, pos=112)
2026-04-06 15:51:23,979 [INFO]   supervised_two_step/GSE104958: AUC=0.2721 (n=46, pos=12)
2026-04-06 15:51:35,964 [INFO]   supervised_two_step/GSE109211: AUC=0.7068 (n=140, pos=42)
2026-04-06 15:51:47,961 [INFO]   supervised_two_step/GSE131978: AUC=0.5848 (n=37, pos=18)
2026-04-06 15:51:59,947 [INFO]   supervised_two_step/GSE14615: AUC=0.3571 (n=20, pos=6)
2026-04-06 15:52:11,831 [INFO]   supervised_two_step/GSE14671: AUC=0.5352 (n=59, pos=41)
2026-04-06 15:52:23,839 [INFO]   supervised_two_step/GSE173263: AUC=0.6897 (n=39, pos=29)
2026-04-06 15:52:35,891 [INFO]   supervised_two_step/GSE19293: AUC=0.5833 (n=52, pos=24)
2026-04-06 15:52:47,760 [INFO]   supervised_two_step/GSE20181: AUC=0.4269 (n=154, pos=110)
2026-04-06 15:52:59,685 [INFO]   supervised_two_step/GSE20194: AUC=0.6158 (n=278, pos=56)
2026-04-06 15:53:11,593 [INFO]   supervised_two_step/GSE20271: AUC=0.6169 (n=178, pos=26)
2026-04-06 15:53:23,532 [INFO]   supervised_two_step/GSE21974: AUC=0.5470 (n=57, pos=18)
2026-04-06 15:53:35,496 [INFO]   supervised_two_step/GSE22093: AUC=0.6330 (n=97, pos=28)
2026-04-06 15:53:47,384 [INFO]   supervised_two_step/GSE23988: AUC=0.6024 (n=61, pos=20)
2026-04-06 15:53:59,203 [INFO]   supervised_two_step/GSE25066: AUC=0.6423 (n=488, pos=99)
2026-04-06 15:54:11,123 [INFO]   supervised_two_step/GSE28702: AUC=0.4384 (n=83, pos=42)
2026-04-06 15:54:23,042 [INFO]   supervised_two_step/GSE32646: AUC=0.5875 (n=115, pos=27)
2026-04-06 15:54:34,923 [INFO]   supervised_two_step/GSE35640: AUC=0.6310 (n=56, pos=22)
2026-04-06 15:54:46,902 [INFO]   supervised_two_step/GSE37946: AUC=0.7214 (n=50, pos=27)
2026-04-06 15:54:58,791 [INFO]   supervised_two_step/GSE41998: AUC=0.5741 (n=206, pos=201)
2026-04-06 15:55:10,750 [INFO]   supervised_two_step/GSE44272: AUC=0.4603 (n=53, pos=35)
2026-04-06 15:55:22,693 [INFO]   supervised_two_step/GSE4779: AUC=0.6374 (n=102, pos=39)
2026-04-06 15:55:34,608 [INFO]   supervised_two_step/GSE48905: AUC=0.6528 (n=39, pos=15)
2026-04-06 15:55:46,555 [INFO]   supervised_two_step/GSE50948: AUC=0.4843 (n=156, pos=53)
2026-04-06 15:55:58,502 [INFO]   supervised_two_step/GSE5122: AUC=0.7689 (n=57, pos=4)
2026-04-06 15:56:10,422 [INFO]   supervised_two_step/GSE61676: AUC=0.5000 (n=86, pos=46)
2026-04-06 15:56:22,394 [INFO]   supervised_two_step/GSE62321: AUC=0.3623 (n=57, pos=26)
2026-04-06 15:56:34,313 [INFO]   supervised_two_step/GSE63885: AUC=0.5282 (n=68, pos=65)
2026-04-06 15:56:46,266 [INFO]   supervised_two_step/GSE65021: AUC=0.4659 (n=40, pos=31)
2026-04-06 15:56:58,175 [INFO]   supervised_two_step/GSE66999: AUC=0.6976 (n=76, pos=70)
2026-04-06 15:57:10,104 [INFO]   supervised_two_step/GSE6861: AUC=0.6659 (n=161, pos=66)
2026-04-06 15:57:22,056 [INFO]   supervised_two_step/GSE68871: AUC=0.4796 (n=118, pos=97)
2026-04-06 15:57:33,978 [INFO]   supervised_two_step/GSE72970: AUC=0.5051 (n=124, pos=63)
2026-04-06 15:57:45,893 [INFO]   supervised_two_step/GSE73578: AUC=0.6315 (n=63, pos=40)
2026-04-06 15:57:57,796 [INFO]   supervised_two_step/GSE76360: AUC=0.6232 (n=96, pos=66)
2026-04-06 15:58:09,682 [INFO]   supervised_two_step/GSE82172: AUC=0.5402 (n=152, pos=21)
2026-04-06 15:58:21,609 [INFO]   supervised_two_step/GSE8970: AUC=0.8402 (n=26, pos=13)
2026-04-06 15:58:33,438 [INFO]   supervised_two_step/GSE9782: AUC=0.5367 (n=312, pos=180)
2026-04-06 15:58:45,221 [INFO]   supervised_two_step/ISPY2: AUC=0.5154 (n=988, pos=319)
2026-04-06 15:58:45,222 [INFO]   → supervised_two_step: Mean AUC = 0.5674 ± 0.1142 (477s)
2026-04-06 15:58:45,222 [INFO] 
============================================================
2026-04-06 15:58:45,222 [INFO] combat_no_labels: ComBat without labels
2026-04-06 15:58:45,222 [INFO] ============================================================
2026-04-06 15:58:57,178 [INFO]   combat_no_labels/BrighTNess: AUC=0.6407 (n=482, pos=236)
2026-04-06 15:59:09,109 [INFO]   combat_no_labels/GSE104645: AUC=0.4764 (n=126, pos=112)
2026-04-06 15:59:21,054 [INFO]   combat_no_labels/GSE104958: AUC=0.5711 (n=46, pos=12)
2026-04-06 15:59:33,020 [INFO]   combat_no_labels/GSE109211: AUC=0.7386 (n=140, pos=42)
2026-04-06 15:59:44,927 [INFO]   combat_no_labels/GSE131978: AUC=0.4942 (n=37, pos=18)
2026-04-06 15:59:56,858 [INFO]   combat_no_labels/GSE14615: AUC=0.3095 (n=20, pos=6)
2026-04-06 16:00:08,826 [INFO]   combat_no_labels/GSE14671: AUC=0.6328 (n=59, pos=41)
2026-04-06 16:00:20,770 [INFO]   combat_no_labels/GSE173263: AUC=0.4655 (n=39, pos=29)
2026-04-06 16:00:32,746 [INFO]   combat_no_labels/GSE19293: AUC=0.6443 (n=52, pos=24)
2026-04-06 16:00:44,685 [INFO]   combat_no_labels/GSE20181: AUC=0.4062 (n=154, pos=110)
2026-04-06 16:00:56,644 [INFO]   combat_no_labels/GSE20194: AUC=0.8969 (n=278, pos=56)
2026-04-06 16:01:08,656 [INFO]   combat_no_labels/GSE20271: AUC=0.7158 (n=178, pos=26)
2026-04-06 16:01:20,608 [INFO]   combat_no_labels/GSE21974: AUC=0.6937 (n=57, pos=18)
2026-04-06 16:01:32,600 [INFO]   combat_no_labels/GSE22093: AUC=0.6014 (n=97, pos=28)
2026-04-06 16:01:44,537 [INFO]   combat_no_labels/GSE23988: AUC=0.9378 (n=61, pos=20)
2026-04-06 16:01:56,464 [INFO]   combat_no_labels/GSE25066: AUC=0.8787 (n=488, pos=99)
2026-04-06 16:02:08,471 [INFO]   combat_no_labels/GSE28702: AUC=0.4849 (n=83, pos=42)
2026-04-06 16:02:20,418 [INFO]   combat_no_labels/GSE32646: AUC=0.7104 (n=115, pos=27)
2026-04-06 16:02:32,405 [INFO]   combat_no_labels/GSE35640: AUC=0.5241 (n=56, pos=22)
2026-04-06 16:02:44,368 [INFO]   combat_no_labels/GSE37946: AUC=0.7746 (n=50, pos=27)
2026-04-06 16:02:56,321 [INFO]   combat_no_labels/GSE41998: AUC=0.7154 (n=206, pos=201)
2026-04-06 16:03:08,240 [INFO]   combat_no_labels/GSE44272: AUC=0.4873 (n=53, pos=35)
2026-04-06 16:03:20,251 [INFO]   combat_no_labels/GSE4779: AUC=0.9967 (n=102, pos=39)
2026-04-06 16:03:32,251 [INFO]   combat_no_labels/GSE48905: AUC=0.4167 (n=39, pos=15)
2026-04-06 16:03:44,257 [INFO]   combat_no_labels/GSE50948: AUC=0.5259 (n=156, pos=53)
2026-04-06 16:03:56,591 [INFO]   combat_no_labels/GSE5122: AUC=0.7264 (n=57, pos=4)
2026-04-06 16:04:08,742 [INFO]   combat_no_labels/GSE61676: AUC=0.5000 (n=86, pos=46)
2026-04-06 16:04:20,896 [INFO]   combat_no_labels/GSE62321: AUC=0.6067 (n=57, pos=26)
2026-04-06 16:04:33,212 [INFO]   combat_no_labels/GSE63885: AUC=0.2154 (n=68, pos=65)
2026-04-06 16:04:45,365 [INFO]   combat_no_labels/GSE65021: AUC=0.5699 (n=40, pos=31)
2026-04-06 16:04:57,674 [INFO]   combat_no_labels/GSE66999: AUC=0.3833 (n=76, pos=70)
2026-04-06 16:05:09,705 [INFO]   combat_no_labels/GSE6861: AUC=0.8343 (n=161, pos=66)
2026-04-06 16:05:21,776 [INFO]   combat_no_labels/GSE68871: AUC=0.5047 (n=118, pos=97)
2026-04-06 16:05:33,898 [INFO]   combat_no_labels/GSE72970: AUC=0.5222 (n=124, pos=63)
2026-04-06 16:05:46,051 [INFO]   combat_no_labels/GSE73578: AUC=0.7380 (n=63, pos=40)
2026-04-06 16:05:58,210 [INFO]   combat_no_labels/GSE76360: AUC=0.6354 (n=96, pos=66)
2026-04-06 16:06:10,226 [INFO]   combat_no_labels/GSE82172: AUC=0.4900 (n=152, pos=21)
2026-04-06 16:06:22,374 [INFO]   combat_no_labels/GSE8970: AUC=0.6568 (n=26, pos=13)
2026-04-06 16:06:34,340 [INFO]   combat_no_labels/GSE9782: AUC=0.5229 (n=312, pos=180)
2026-04-06 16:06:46,393 [INFO]   combat_no_labels/ISPY2: AUC=0.5333 (n=988, pos=319)
2026-04-06 16:06:46,394 [INFO]   → combat_no_labels: Mean AUC = 0.6045 ± 0.1691 (481s)
2026-04-06 16:06:46,394 [INFO] 
============================================================
2026-04-06 16:06:46,394 [INFO] quantile: Quantile normalization (honest)
2026-04-06 16:06:46,394 [INFO] ============================================================
2026-04-06 16:06:58,290 [INFO]   quantile/BrighTNess: AUC=0.6172 (n=482, pos=236)
2026-04-06 16:07:10,104 [INFO]   quantile/GSE104645: AUC=0.4158 (n=126, pos=112)
2026-04-06 16:07:21,970 [INFO]   quantile/GSE104958: AUC=0.6373 (n=46, pos=12)
2026-04-06 16:07:33,803 [INFO]   quantile/GSE109211: AUC=0.6659 (n=140, pos=42)
2026-04-06 16:07:45,614 [INFO]   quantile/GSE131978: AUC=0.6257 (n=37, pos=18)
2026-04-06 16:07:57,477 [INFO]   quantile/GSE14615: AUC=0.3929 (n=20, pos=6)
2026-04-06 16:08:09,371 [INFO]   quantile/GSE14671: AUC=0.5434 (n=59, pos=41)
2026-04-06 16:08:21,237 [INFO]   quantile/GSE173263: AUC=0.4345 (n=39, pos=29)
2026-04-06 16:08:33,232 [INFO]   quantile/GSE19293: AUC=0.5804 (n=52, pos=24)
2026-04-06 16:08:45,074 [INFO]   quantile/GSE20181: AUC=0.3252 (n=154, pos=110)
2026-04-06 16:08:56,891 [INFO]   quantile/GSE20194: AUC=0.8970 (n=278, pos=56)
2026-04-06 16:09:08,693 [INFO]   quantile/GSE20271: AUC=0.7212 (n=178, pos=26)
2026-04-06 16:09:20,491 [INFO]   quantile/GSE21974: AUC=0.6268 (n=57, pos=18)
2026-04-06 16:09:32,307 [INFO]   quantile/GSE22093: AUC=0.6180 (n=97, pos=28)
2026-04-06 16:09:44,098 [INFO]   quantile/GSE23988: AUC=0.9476 (n=61, pos=20)
2026-04-06 16:09:55,848 [INFO]   quantile/GSE25066: AUC=0.8650 (n=488, pos=99)
2026-04-06 16:10:07,658 [INFO]   quantile/GSE28702: AUC=0.5470 (n=83, pos=42)
2026-04-06 16:10:19,406 [INFO]   quantile/GSE32646: AUC=0.6625 (n=115, pos=27)
2026-04-06 16:10:31,168 [INFO]   quantile/GSE35640: AUC=0.5013 (n=56, pos=22)
2026-04-06 16:10:42,989 [INFO]   quantile/GSE37946: AUC=0.7585 (n=50, pos=27)
2026-04-06 16:10:54,751 [INFO]   quantile/GSE41998: AUC=0.5443 (n=206, pos=201)
2026-04-06 16:11:06,523 [INFO]   quantile/GSE44272: AUC=0.4190 (n=53, pos=35)
2026-04-06 16:11:18,303 [INFO]   quantile/GSE4779: AUC=0.9870 (n=102, pos=39)
2026-04-06 16:11:30,053 [INFO]   quantile/GSE48905: AUC=0.4806 (n=39, pos=15)
2026-04-06 16:11:41,815 [INFO]   quantile/GSE50948: AUC=0.5342 (n=156, pos=53)
2026-04-06 16:11:53,574 [INFO]   quantile/GSE5122: AUC=0.7075 (n=57, pos=4)
2026-04-06 16:12:05,322 [INFO]   quantile/GSE61676: AUC=0.5000 (n=86, pos=46)
2026-04-06 16:12:17,122 [INFO]   quantile/GSE62321: AUC=0.4975 (n=57, pos=26)
2026-04-06 16:12:28,877 [INFO]   quantile/GSE63885: AUC=0.4718 (n=68, pos=65)
2026-04-06 16:12:40,654 [INFO]   quantile/GSE65021: AUC=0.4875 (n=40, pos=31)
2026-04-06 16:12:52,459 [INFO]   quantile/GSE66999: AUC=0.5119 (n=76, pos=70)
2026-04-06 16:13:04,223 [INFO]   quantile/GSE6861: AUC=0.8876 (n=161, pos=66)
2026-04-06 16:13:15,988 [INFO]   quantile/GSE68871: AUC=0.4968 (n=118, pos=97)
2026-04-06 16:13:27,727 [INFO]   quantile/GSE72970: AUC=0.4827 (n=124, pos=63)
2026-04-06 16:13:39,456 [INFO]   quantile/GSE73578: AUC=0.7337 (n=63, pos=40)
2026-04-06 16:13:51,234 [INFO]   quantile/GSE76360: AUC=0.4813 (n=96, pos=66)
2026-04-06 16:14:02,941 [INFO]   quantile/GSE82172: AUC=0.4609 (n=152, pos=21)
2026-04-06 16:14:14,628 [INFO]   quantile/GSE8970: AUC=0.6627 (n=26, pos=13)
2026-04-06 16:14:26,296 [INFO]   quantile/GSE9782: AUC=0.5041 (n=312, pos=180)
2026-04-06 16:14:37,935 [INFO]   quantile/ISPY2: AUC=0.5162 (n=988, pos=319)
2026-04-06 16:14:37,935 [INFO]   → quantile: Mean AUC = 0.5938 ± 0.1582 (472s)
2026-04-06 16:14:37,937 [INFO] 
============================================================
2026-04-06 16:14:37,937 [INFO] SUPERVISED COMBAT — FULL COMPARISON (212 curated genes)
2026-04-06 16:14:37,937 [INFO] ============================================================
2026-04-06 16:14:37,937 [INFO]   leaked_all_labels               AUC = 0.7673 ± 0.2661
2026-04-06 16:14:37,937 [INFO]   combat_no_labels                AUC = 0.6045 ± 0.1691
2026-04-06 16:14:37,937 [INFO]   quantile                        AUC = 0.5938 ± 0.1582
2026-04-06 16:14:37,937 [INFO]   supervised_two_step             AUC = 0.5674 ± 0.1142
2026-04-06 16:14:37,937 [INFO]   supervised_mean_impute          AUC = 0.5660 ± 0.1150
2026-04-06 16:14:37,937 [INFO] 
Gap analysis (leaked=0.767, quantile=0.594, gap=0.174):
2026-04-06 16:14:37,937 [INFO]   supervised_mean_impute          AUC=0.5660  recovery=-16.0%
2026-04-06 16:14:37,937 [INFO]   supervised_two_step             AUC=0.5674  recovery=-15.2%
2026-04-06 16:14:37,937 [INFO]   combat_no_labels                AUC=0.6045  recovery=6.2%
2026-04-06 16:14:37,937 [INFO] 
Done. Results in /Users/marinaesteban-medina/Desktop/INVEREX/inverex-mvp/results/supervised_combat/
