2026-04-06 00:33:28,711 [INFO] ======================================================================
2026-04-06 00:33:28,711 [INFO] STEP 1: Building FULL gene universe (>=40%% prevalence)
2026-04-06 00:33:28,711 [INFO] ======================================================================
2026-04-06 00:33:28,711 [INFO] Loading cached gene universe from /Users/marinaesteban-medina/Desktop/INVEREX/inverex-mvp/results/agent_c_full/gene_universe_full.json
2026-04-06 00:33:28,712 [INFO] Gene universe: 1000 genes from 52 datasets
2026-04-06 00:33:28,712 [INFO] ======================================================================
2026-04-06 00:33:28,712 [INFO] STEP 2: Loading ALL expression data
2026-04-06 00:33:28,712 [INFO] ======================================================================
2026-04-06 00:33:28,713 [INFO] Found 52 expression datasets
2026-04-06 00:33:29,108 [INFO]   Loaded GSE10255: 161 samples, 999/1000 genes overlap
2026-04-06 00:33:29,617 [INFO]   Loaded GSE104645: 193 samples, 1000/1000 genes overlap
2026-04-06 00:33:30,539 [INFO]   Loaded GSE104958: 46 samples, 1000/1000 genes overlap
2026-04-06 00:33:31,070 [INFO]   Loaded GSE109211: 140 samples, 998/1000 genes overlap
2026-04-06 00:33:31,409 [INFO]   Loaded GSE131978: 39 samples, 999/1000 genes overlap
2026-04-06 00:33:32,003 [INFO]   Loaded GSE14615: 50 samples, 1000/1000 genes overlap
2026-04-06 00:33:32,597 [INFO]   Loaded GSE14671: 59 samples, 1000/1000 genes overlap
2026-04-06 00:33:32,960 [INFO]   Loaded GSE14764: 80 samples, 999/1000 genes overlap
2026-04-06 00:33:33,443 [INFO]   Loaded GSE150576: 288 samples, 995/1000 genes overlap
2026-04-06 00:33:34,391 [INFO]   Loaded GSE16446: 120 samples, 1000/1000 genes overlap
2026-04-06 00:33:35,477 [INFO]   Loaded GSE173263: 39 samples, 1000/1000 genes overlap
2026-04-06 00:33:36,060 [INFO]   Loaded GSE19293: 52 samples, 1000/1000 genes overlap
2026-04-06 00:33:36,405 [INFO]   Loaded GSE20181: 176 samples, 999/1000 genes overlap
2026-04-06 00:33:36,745 [INFO]   Loaded GSE20194: 278 samples, 999/1000 genes overlap
2026-04-06 00:33:37,089 [INFO]   Loaded GSE20271: 178 samples, 999/1000 genes overlap
2026-04-06 00:33:37,590 [INFO]   Loaded GSE21974: 57 samples, 1000/1000 genes overlap
2026-04-06 00:33:37,944 [INFO]   Loaded GSE22093: 103 samples, 999/1000 genes overlap
2026-04-06 00:33:38,860 [INFO]   Loaded GSE225178: 44 samples, 1000/1000 genes overlap
2026-04-06 00:33:39,204 [INFO]   Loaded GSE23988: 61 samples, 999/1000 genes overlap
2026-04-06 00:33:39,549 [INFO]   Loaded GSE25066: 508 samples, 999/1000 genes overlap
2026-04-06 00:33:40,149 [INFO]   Loaded GSE28702: 83 samples, 1000/1000 genes overlap
2026-04-06 00:33:40,742 [INFO]   Loaded GSE32646: 115 samples, 1000/1000 genes overlap
2026-04-06 00:33:41,331 [INFO]   Loaded GSE35640: 65 samples, 1000/1000 genes overlap
2026-04-06 00:33:41,921 [INFO]   Loaded GSE35935: 62 samples, 1000/1000 genes overlap
2026-04-06 00:33:43,528 [WARNING]   GSE37138: only 0 genes overlap, skipping
2026-04-06 00:33:43,874 [INFO]   Loaded GSE37946: 50 samples, 999/1000 genes overlap
2026-04-06 00:33:44,223 [INFO]   Loaded GSE41998: 279 samples, 999/1000 genes overlap
2026-04-06 00:33:44,569 [INFO]   Loaded GSE42822: 91 samples, 999/1000 genes overlap
2026-04-06 00:33:45,062 [INFO]   Loaded GSE44272: 53 samples, 1000/1000 genes overlap
2026-04-06 00:33:45,605 [INFO]   Loaded GSE4779: 102 samples, 999/1000 genes overlap
2026-04-06 00:33:46,191 [INFO]   Loaded GSE48905: 42 samples, 1000/1000 genes overlap
2026-04-06 00:33:46,778 [INFO]   Loaded GSE50948: 156 samples, 1000/1000 genes overlap
2026-04-06 00:33:47,326 [INFO]   Loaded GSE5122: 58 samples, 999/1000 genes overlap
2026-04-06 00:33:47,682 [INFO]   Loaded GSE5851: 80 samples, 999/1000 genes overlap
2026-04-06 00:33:48,969 [WARNING]   GSE61676: only 0 genes overlap, skipping
2026-04-06 00:33:49,270 [INFO]   Loaded GSE62321: 57 samples, 970/1000 genes overlap
2026-04-06 00:33:49,850 [INFO]   Loaded GSE63885: 101 samples, 1000/1000 genes overlap
2026-04-06 00:33:50,408 [INFO]   Loaded GSE65021: 40 samples, 998/1000 genes overlap
2026-04-06 00:33:50,992 [INFO]   Loaded GSE66305: 88 samples, 1000/1000 genes overlap
2026-04-06 00:33:51,811 [INFO]   Loaded GSE66999: 76 samples, 1000/1000 genes overlap
2026-04-06 00:33:52,350 [INFO]   Loaded GSE6861: 161 samples, 999/1000 genes overlap
2026-04-06 00:33:52,943 [INFO]   Loaded GSE68871: 118 samples, 1000/1000 genes overlap
2026-04-06 00:33:53,893 [INFO]   Loaded GSE72970: 124 samples, 1000/1000 genes overlap
2026-04-06 00:33:54,486 [INFO]   Loaded GSE73578: 133 samples, 1000/1000 genes overlap
2026-04-06 00:33:55,118 [INFO]   Loaded GSE76360: 100 samples, 995/1000 genes overlap
2026-04-06 00:33:55,640 [INFO]   Loaded GSE82172: 152 samples, 1000/1000 genes overlap
2026-04-06 00:33:56,912 [INFO]   Loaded GSE87865: 54 samples, 1000/1000 genes overlap
2026-04-06 00:33:57,251 [INFO]   Loaded GSE8970: 34 samples, 999/1000 genes overlap
2026-04-06 00:33:57,257 [INFO]   Loaded GSE9782: 528 samples, 75/1000 genes overlap
2026-04-06 00:33:58,337 [INFO]   Loaded ISPY2: 988 samples, 1000/1000 genes overlap
2026-04-06 00:33:58,989 [INFO]   Loaded BrighTNess: 482 samples, 1000/1000 genes overlap
2026-04-06 00:34:00,163 [INFO]   Loaded TCGA_BRCA: 1218 samples, 1000/1000 genes overlap
2026-04-06 00:34:00,163 [INFO] Total samples across 50 datasets: 8362
2026-04-06 00:34:00,163 [INFO] ======================================================================
2026-04-06 00:34:00,163 [INFO] STEP 3: Loading pathway gene sets
2026-04-06 00:34:00,163 [INFO] ======================================================================
2026-04-06 00:34:02,236 [INFO] Downloading and generating Enrichr library gene sets...
2026-04-06 00:34:02,238 [INFO] Library is already downloaded in: /Users/marinaesteban-medina/.cache/gseapy/Enrichr.MSigDB_Hallmark_2020.gmt, use local file
2026-04-06 00:34:02,239 [INFO] Loaded 50 Hallmark pathways
2026-04-06 00:34:02,240 [INFO] Mapped 48 pathways to gene positions
2026-04-06 00:34:02,240 [INFO] ======================================================================
2026-04-06 00:34:02,240 [INFO] STEP 4: Fitting tokenizer (encoding=hybrid)
2026-04-06 00:34:02,240 [INFO] ======================================================================
2026-04-06 00:34:02,372 [INFO] Fitted stats on 8362 samples, 1000 genes
2026-04-06 00:34:02,374 [INFO] ======================================================================
2026-04-06 00:34:02,374 [INFO] STEP 5: Building pretraining dataset
2026-04-06 00:34:02,374 [INFO] ======================================================================
2026-04-06 00:34:02,374 [INFO] Building pretraining dataset from 50 sources ...
2026-04-06 00:34:02,374 [INFO]   Tokenizing GSE10255 (161 samples) ...
2026-04-06 00:34:02,451 [INFO]   Tokenizing GSE104645 (193 samples) ...
2026-04-06 00:34:02,525 [INFO]   Tokenizing GSE104958 (46 samples) ...
2026-04-06 00:34:02,583 [INFO]   Tokenizing GSE109211 (140 samples) ...
2026-04-06 00:34:02,654 [INFO]   Tokenizing GSE131978 (39 samples) ...
2026-04-06 00:34:02,713 [INFO]   Tokenizing GSE14615 (50 samples) ...
2026-04-06 00:34:02,772 [INFO]   Tokenizing GSE14671 (59 samples) ...
2026-04-06 00:34:02,832 [INFO]   Tokenizing GSE14764 (80 samples) ...
2026-04-06 00:34:02,896 [INFO]   Tokenizing GSE150576 (288 samples) ...
2026-04-06 00:34:02,973 [INFO]   Tokenizing GSE16446 (120 samples) ...
2026-04-06 00:34:03,041 [INFO]   Tokenizing GSE173263 (39 samples) ...
2026-04-06 00:34:03,098 [INFO]   Tokenizing GSE19293 (52 samples) ...
2026-04-06 00:34:03,157 [INFO]   Tokenizing GSE20181 (176 samples) ...
2026-04-06 00:34:03,232 [INFO]   Tokenizing GSE20194 (278 samples) ...
2026-04-06 00:34:03,319 [INFO]   Tokenizing GSE20271 (178 samples) ...
2026-04-06 00:34:03,394 [INFO]   Tokenizing GSE21974 (57 samples) ...
2026-04-06 00:34:03,453 [INFO]   Tokenizing GSE22093 (103 samples) ...
2026-04-06 00:34:03,519 [INFO]   Tokenizing GSE225178 (44 samples) ...
2026-04-06 00:34:03,576 [INFO]   Tokenizing GSE23988 (61 samples) ...
2026-04-06 00:34:03,636 [INFO]   Tokenizing GSE25066 (508 samples) ...
2026-04-06 00:34:03,752 [INFO]   Tokenizing GSE28702 (83 samples) ...
2026-04-06 00:34:03,816 [INFO]   Tokenizing GSE32646 (115 samples) ...
2026-04-06 00:34:03,883 [INFO]   Tokenizing GSE35640 (65 samples) ...
2026-04-06 00:34:03,944 [INFO]   Tokenizing GSE35935 (62 samples) ...
2026-04-06 00:34:04,004 [INFO]   Tokenizing GSE37946 (50 samples) ...
2026-04-06 00:34:04,063 [INFO]   Tokenizing GSE41998 (279 samples) ...
2026-04-06 00:34:04,150 [INFO]   Tokenizing GSE42822 (91 samples) ...
2026-04-06 00:34:04,214 [INFO]   Tokenizing GSE44272 (53 samples) ...
2026-04-06 00:34:04,273 [INFO]   Tokenizing GSE4779 (102 samples) ...
2026-04-06 00:34:04,337 [INFO]   Tokenizing GSE48905 (42 samples) ...
2026-04-06 00:34:04,395 [INFO]   Tokenizing GSE50948 (156 samples) ...
2026-04-06 00:34:04,466 [INFO]   Tokenizing GSE5122 (58 samples) ...
2026-04-06 00:34:04,526 [INFO]   Tokenizing GSE5851 (80 samples) ...
2026-04-06 00:34:04,588 [INFO]   Tokenizing GSE62321 (57 samples) ...
2026-04-06 00:34:04,647 [INFO]   Tokenizing GSE63885 (101 samples) ...
2026-04-06 00:34:04,712 [INFO]   Tokenizing GSE65021 (40 samples) ...
2026-04-06 00:34:04,770 [INFO]   Tokenizing GSE66305 (88 samples) ...
2026-04-06 00:34:04,834 [INFO]   Tokenizing GSE66999 (76 samples) ...
2026-04-06 00:34:04,896 [INFO]   Tokenizing GSE6861 (161 samples) ...
2026-04-06 00:34:04,967 [INFO]   Tokenizing GSE68871 (118 samples) ...
2026-04-06 00:34:05,034 [INFO]   Tokenizing GSE72970 (124 samples) ...
2026-04-06 00:34:05,102 [INFO]   Tokenizing GSE73578 (133 samples) ...
2026-04-06 00:34:05,171 [INFO]   Tokenizing GSE76360 (100 samples) ...
2026-04-06 00:34:05,236 [INFO]   Tokenizing GSE82172 (152 samples) ...
2026-04-06 00:34:05,308 [INFO]   Tokenizing GSE87865 (54 samples) ...
2026-04-06 00:34:05,369 [INFO]   Tokenizing GSE8970 (34 samples) ...
2026-04-06 00:34:05,428 [INFO]   Tokenizing GSE9782 (528 samples) ...
2026-04-06 00:34:05,441 [INFO]   Tokenizing ISPY2 (988 samples) ...
2026-04-06 00:34:05,617 [INFO]   Tokenizing BrighTNess (482 samples) ...
2026-04-06 00:34:05,730 [INFO]   Tokenizing TCGA_BRCA (1218 samples) ...
2026-04-06 00:34:05,963 [INFO] Total pretraining samples: 8362 | pathways: 48 | domains: 50
2026-04-06 00:34:05,969 [INFO] ======================================================================
2026-04-06 00:34:05,969 [INFO] STEP 6: Building medium model (encoding=hybrid)
2026-04-06 00:34:05,969 [INFO] ======================================================================
2026-04-06 00:34:05,985 [INFO] Model parameters: 3,766,250
2026-04-06 00:34:05,985 [INFO] Encoder parameters: 3,499,776
2026-04-06 00:34:05,985 [INFO] ======================================================================
2026-04-06 00:34:05,985 [INFO] STEP 7: Setting up training
2026-04-06 00:34:05,985 [INFO] ======================================================================
2026-04-06 00:34:06,377 [INFO] Steps/epoch: 261 | Total steps: 13050 | Warmup: 783
2026-04-06 00:34:06,377 [INFO] ======================================================================
2026-04-06 00:34:06,377 [INFO] STEP 8: Pretraining (50 epochs, starting from 1)
2026-04-06 00:34:06,377 [INFO] ======================================================================
