2026-04-05 22:05:08,625 [INFO] ======================================================================
2026-04-05 22:05:08,625 [INFO] STEP 1: Building FULL gene universe (>=40%% prevalence)
2026-04-05 22:05:08,625 [INFO] ======================================================================
2026-04-05 22:05:08,625 [INFO] Loading cached gene universe from /Users/marinaesteban-medina/Desktop/INVEREX/inverex-mvp/results/agent_c_full/gene_universe_full.json
2026-04-05 22:05:08,626 [INFO] Gene universe: 1000 genes from 52 datasets
2026-04-05 22:05:08,626 [INFO] ======================================================================
2026-04-05 22:05:08,626 [INFO] STEP 2: Loading ALL expression data
2026-04-05 22:05:08,626 [INFO] ======================================================================
2026-04-05 22:05:08,628 [INFO] Found 52 expression datasets
2026-04-05 22:05:09,044 [INFO]   Loaded GSE10255: 161 samples, 999/1000 genes overlap
2026-04-05 22:05:09,612 [INFO]   Loaded GSE104645: 193 samples, 1000/1000 genes overlap
2026-04-05 22:05:10,615 [INFO]   Loaded GSE104958: 46 samples, 1000/1000 genes overlap
2026-04-05 22:05:11,213 [INFO]   Loaded GSE109211: 140 samples, 998/1000 genes overlap
2026-04-05 22:05:11,608 [INFO]   Loaded GSE131978: 39 samples, 999/1000 genes overlap
2026-04-05 22:05:12,265 [INFO]   Loaded GSE14615: 50 samples, 1000/1000 genes overlap
2026-04-05 22:05:12,924 [INFO]   Loaded GSE14671: 59 samples, 1000/1000 genes overlap
2026-04-05 22:05:13,296 [INFO]   Loaded GSE14764: 80 samples, 999/1000 genes overlap
2026-04-05 22:05:13,820 [INFO]   Loaded GSE150576: 288 samples, 995/1000 genes overlap
2026-04-05 22:05:14,486 [INFO]   Loaded GSE16446: 120 samples, 1000/1000 genes overlap
2026-04-05 22:05:15,095 [INFO]   Loaded GSE173263: 39 samples, 1000/1000 genes overlap
2026-04-05 22:05:15,769 [INFO]   Loaded GSE19293: 52 samples, 1000/1000 genes overlap
2026-04-05 22:05:16,172 [INFO]   Loaded GSE20181: 176 samples, 999/1000 genes overlap
2026-04-05 22:05:16,574 [INFO]   Loaded GSE20194: 278 samples, 999/1000 genes overlap
2026-04-05 22:05:17,001 [INFO]   Loaded GSE20271: 178 samples, 999/1000 genes overlap
2026-04-05 22:05:17,572 [INFO]   Loaded GSE21974: 57 samples, 1000/1000 genes overlap
2026-04-05 22:05:17,986 [INFO]   Loaded GSE22093: 103 samples, 999/1000 genes overlap
2026-04-05 22:05:19,014 [INFO]   Loaded GSE225178: 44 samples, 1000/1000 genes overlap
2026-04-05 22:05:19,391 [INFO]   Loaded GSE23988: 61 samples, 999/1000 genes overlap
2026-04-05 22:05:19,781 [INFO]   Loaded GSE25066: 508 samples, 999/1000 genes overlap
2026-04-05 22:05:20,498 [INFO]   Loaded GSE28702: 83 samples, 1000/1000 genes overlap
2026-04-05 22:05:21,176 [INFO]   Loaded GSE32646: 115 samples, 1000/1000 genes overlap
2026-04-05 22:05:21,845 [INFO]   Loaded GSE35640: 65 samples, 1000/1000 genes overlap
2026-04-05 22:05:22,514 [INFO]   Loaded GSE35935: 62 samples, 1000/1000 genes overlap
2026-04-05 22:05:24,295 [WARNING]   GSE37138: only 0 genes overlap, skipping
2026-04-05 22:05:24,692 [INFO]   Loaded GSE37946: 50 samples, 999/1000 genes overlap
2026-04-05 22:05:25,071 [INFO]   Loaded GSE41998: 279 samples, 999/1000 genes overlap
2026-04-05 22:05:25,439 [INFO]   Loaded GSE42822: 91 samples, 999/1000 genes overlap
2026-04-05 22:05:26,029 [INFO]   Loaded GSE44272: 53 samples, 1000/1000 genes overlap
2026-04-05 22:05:26,640 [INFO]   Loaded GSE4779: 102 samples, 999/1000 genes overlap
2026-04-05 22:05:27,297 [INFO]   Loaded GSE48905: 42 samples, 1000/1000 genes overlap
2026-04-05 22:05:27,953 [INFO]   Loaded GSE50948: 156 samples, 1000/1000 genes overlap
2026-04-05 22:05:28,365 [INFO]   Loaded GSE5122: 58 samples, 999/1000 genes overlap
2026-04-05 22:05:28,771 [INFO]   Loaded GSE5851: 80 samples, 999/1000 genes overlap
2026-04-05 22:05:30,236 [WARNING]   GSE61676: only 0 genes overlap, skipping
2026-04-05 22:05:30,579 [INFO]   Loaded GSE62321: 57 samples, 970/1000 genes overlap
2026-04-05 22:05:31,231 [INFO]   Loaded GSE63885: 101 samples, 1000/1000 genes overlap
2026-04-05 22:05:31,848 [INFO]   Loaded GSE65021: 40 samples, 998/1000 genes overlap
2026-04-05 22:05:32,556 [INFO]   Loaded GSE66305: 88 samples, 1000/1000 genes overlap
2026-04-05 22:05:33,157 [INFO]   Loaded GSE66999: 76 samples, 1000/1000 genes overlap
2026-04-05 22:05:33,729 [INFO]   Loaded GSE6861: 161 samples, 999/1000 genes overlap
2026-04-05 22:05:34,430 [INFO]   Loaded GSE68871: 118 samples, 1000/1000 genes overlap
2026-04-05 22:05:35,097 [INFO]   Loaded GSE72970: 124 samples, 1000/1000 genes overlap
2026-04-05 22:05:35,796 [INFO]   Loaded GSE73578: 133 samples, 1000/1000 genes overlap
2026-04-05 22:05:36,485 [INFO]   Loaded GSE76360: 100 samples, 995/1000 genes overlap
2026-04-05 22:05:37,126 [INFO]   Loaded GSE82172: 152 samples, 1000/1000 genes overlap
2026-04-05 22:05:37,822 [INFO]   Loaded GSE87865: 54 samples, 1000/1000 genes overlap
2026-04-05 22:05:38,214 [INFO]   Loaded GSE8970: 34 samples, 999/1000 genes overlap
2026-04-05 22:05:38,218 [INFO]   Loaded GSE9782: 528 samples, 75/1000 genes overlap
2026-04-05 22:05:38,819 [INFO]   Loaded ISPY2: 988 samples, 1000/1000 genes overlap
2026-04-05 22:05:39,629 [INFO]   Loaded BrighTNess: 482 samples, 1000/1000 genes overlap
2026-04-05 22:05:40,241 [INFO]   Loaded TCGA_BRCA: 1218 samples, 1000/1000 genes overlap
2026-04-05 22:05:40,241 [INFO] Total samples across 50 datasets: 8362
2026-04-05 22:05:40,241 [INFO] ======================================================================
2026-04-05 22:05:40,241 [INFO] STEP 3: Loading pathway gene sets
2026-04-05 22:05:40,241 [INFO] ======================================================================
2026-04-05 22:05:42,165 [INFO] Downloading and generating Enrichr library gene sets...
2026-04-05 22:05:42,165 [INFO] Library is already downloaded in: /Users/marinaesteban-medina/.cache/gseapy/Enrichr.MSigDB_Hallmark_2020.gmt, use local file
2026-04-05 22:05:42,167 [INFO] Loaded 50 Hallmark pathways
2026-04-05 22:05:42,168 [INFO] Mapped 48 pathways to gene positions
2026-04-05 22:05:42,168 [INFO] ======================================================================
2026-04-05 22:05:42,168 [INFO] STEP 4: Fitting tokenizer (encoding=hybrid)
2026-04-05 22:05:42,169 [INFO] ======================================================================
2026-04-05 22:05:42,351 [INFO] Fitted stats on 8362 samples, 1000 genes
2026-04-05 22:05:42,353 [INFO] ======================================================================
2026-04-05 22:05:42,353 [INFO] STEP 5: Building pretraining dataset
2026-04-05 22:05:42,353 [INFO] ======================================================================
2026-04-05 22:05:42,353 [INFO] Building pretraining dataset from 50 sources ...
2026-04-05 22:05:42,353 [INFO]   Tokenizing GSE10255 (161 samples) ...
2026-04-05 22:05:42,434 [INFO]   Tokenizing GSE104645 (193 samples) ...
2026-04-05 22:05:42,517 [INFO]   Tokenizing GSE104958 (46 samples) ...
2026-04-05 22:05:42,582 [INFO]   Tokenizing GSE109211 (140 samples) ...
2026-04-05 22:05:42,661 [INFO]   Tokenizing GSE131978 (39 samples) ...
2026-04-05 22:05:42,724 [INFO]   Tokenizing GSE14615 (50 samples) ...
2026-04-05 22:05:42,790 [INFO]   Tokenizing GSE14671 (59 samples) ...
2026-04-05 22:05:42,856 [INFO]   Tokenizing GSE14764 (80 samples) ...
2026-04-05 22:05:42,925 [INFO]   Tokenizing GSE150576 (288 samples) ...
2026-04-05 22:05:43,011 [INFO]   Tokenizing GSE16446 (120 samples) ...
2026-04-05 22:05:43,087 [INFO]   Tokenizing GSE173263 (39 samples) ...
2026-04-05 22:05:43,152 [INFO]   Tokenizing GSE19293 (52 samples) ...
2026-04-05 22:05:43,218 [INFO]   Tokenizing GSE20181 (176 samples) ...
2026-04-05 22:05:43,300 [INFO]   Tokenizing GSE20194 (278 samples) ...
2026-04-05 22:05:43,395 [INFO]   Tokenizing GSE20271 (178 samples) ...
2026-04-05 22:05:43,476 [INFO]   Tokenizing GSE21974 (57 samples) ...
2026-04-05 22:05:43,542 [INFO]   Tokenizing GSE22093 (103 samples) ...
2026-04-05 22:05:43,613 [INFO]   Tokenizing GSE225178 (44 samples) ...
2026-04-05 22:05:43,681 [INFO]   Tokenizing GSE23988 (61 samples) ...
2026-04-05 22:05:43,749 [INFO]   Tokenizing GSE25066 (508 samples) ...
2026-04-05 22:05:43,877 [INFO]   Tokenizing GSE28702 (83 samples) ...
2026-04-05 22:05:43,948 [INFO]   Tokenizing GSE32646 (115 samples) ...
2026-04-05 22:05:44,022 [INFO]   Tokenizing GSE35640 (65 samples) ...
2026-04-05 22:05:44,091 [INFO]   Tokenizing GSE35935 (62 samples) ...
2026-04-05 22:05:44,159 [INFO]   Tokenizing GSE37946 (50 samples) ...
2026-04-05 22:05:44,226 [INFO]   Tokenizing GSE41998 (279 samples) ...
2026-04-05 22:05:44,322 [INFO]   Tokenizing GSE42822 (91 samples) ...
2026-04-05 22:05:44,393 [INFO]   Tokenizing GSE44272 (53 samples) ...
2026-04-05 22:05:44,459 [INFO]   Tokenizing GSE4779 (102 samples) ...
2026-04-05 22:05:44,531 [INFO]   Tokenizing GSE48905 (42 samples) ...
2026-04-05 22:05:44,595 [INFO]   Tokenizing GSE50948 (156 samples) ...
2026-04-05 22:05:44,672 [INFO]   Tokenizing GSE5122 (58 samples) ...
2026-04-05 22:05:44,741 [INFO]   Tokenizing GSE5851 (80 samples) ...
2026-04-05 22:05:44,814 [INFO]   Tokenizing GSE62321 (57 samples) ...
2026-04-05 22:05:44,881 [INFO]   Tokenizing GSE63885 (101 samples) ...
2026-04-05 22:05:44,953 [INFO]   Tokenizing GSE65021 (40 samples) ...
2026-04-05 22:05:45,017 [INFO]   Tokenizing GSE66305 (88 samples) ...
2026-04-05 22:05:45,087 [INFO]   Tokenizing GSE66999 (76 samples) ...
2026-04-05 22:05:45,157 [INFO]   Tokenizing GSE6861 (161 samples) ...
2026-04-05 22:05:45,238 [INFO]   Tokenizing GSE68871 (118 samples) ...
2026-04-05 22:05:45,314 [INFO]   Tokenizing GSE72970 (124 samples) ...
2026-04-05 22:05:45,390 [INFO]   Tokenizing GSE73578 (133 samples) ...
2026-04-05 22:05:45,466 [INFO]   Tokenizing GSE76360 (100 samples) ...
2026-04-05 22:05:45,538 [INFO]   Tokenizing GSE82172 (152 samples) ...
2026-04-05 22:05:45,618 [INFO]   Tokenizing GSE87865 (54 samples) ...
2026-04-05 22:05:45,685 [INFO]   Tokenizing GSE8970 (34 samples) ...
2026-04-05 22:05:45,748 [INFO]   Tokenizing GSE9782 (528 samples) ...
2026-04-05 22:05:45,760 [INFO]   Tokenizing ISPY2 (988 samples) ...
2026-04-05 22:05:45,949 [INFO]   Tokenizing BrighTNess (482 samples) ...
2026-04-05 22:05:46,070 [INFO]   Tokenizing TCGA_BRCA (1218 samples) ...
2026-04-05 22:05:46,321 [INFO] Total pretraining samples: 8362 | pathways: 48 | domains: 50
2026-04-05 22:05:46,327 [INFO] ======================================================================
2026-04-05 22:05:46,327 [INFO] STEP 6: Building medium model (encoding=hybrid)
2026-04-05 22:05:46,327 [INFO] ======================================================================
2026-04-05 22:05:46,342 [INFO] Model parameters: 3,766,250
2026-04-05 22:05:46,342 [INFO] Encoder parameters: 3,499,776
2026-04-05 22:05:46,342 [INFO] ======================================================================
2026-04-05 22:05:46,342 [INFO] STEP 7: Setting up training
2026-04-05 22:05:46,342 [INFO] ======================================================================
2026-04-05 22:05:46,821 [INFO] Steps/epoch: 261 | Total steps: 3915 | Warmup: 391
2026-04-05 22:05:46,821 [INFO] ======================================================================
2026-04-05 22:05:46,821 [INFO] STEP 8: Pretraining (15 epochs, starting from 1)
2026-04-05 22:05:46,821 [INFO] ======================================================================
